23:21:57 Total DISK READ :   31359.32 K/s | Total DISK WRITE :       0.00 K/s
23:21:57 Actual DISK READ:   31359.32 K/s | Actual DISK WRITE:       0.00 K/s
    TIME  PID  PRIO  USER     DISK READ  DISK WRITE  SWAPIN      IO    COMMAND
23:21:57 17855 ?sys root     31359.32 K/s    0.00 K/s  0.00 % 43.76 % segnet-camera --network=fcn-resnet18-deepscene
23:21:58 Total DISK READ :   34759.51 K/s | Total DISK WRITE :       3.48 K/s
23:21:58 Actual DISK READ:   34759.51 K/s | Actual DISK WRITE:       0.00 K/s
    TIME  PID  PRIO  USER     DISK READ  DISK WRITE  SWAPIN      IO    COMMAND
23:21:58 17855 ?sys root     34759.51 K/s    0.00 K/s  0.00 % 40.81 % segnet-camera --network=fcn-resnet18-deepscene
23:21:58 17854 ?sys root        0.00 K/s    3.48 K/s  0.00 %  0.00 % python3 /usr/sbin/iotop --batch --time --only --processes --kilobytes
23:21:59 Total DISK READ :   32746.55 K/s | Total DISK WRITE :       0.00 K/s
23:21:59 Actual DISK READ:   32746.55 K/s | Actual DISK WRITE:       0.00 K/s
    TIME  PID  PRIO  USER     DISK READ  DISK WRITE  SWAPIN      IO    COMMAND
23:21:59 17855 ?sys root     32746.55 K/s    0.00 K/s  0.00 % 39.37 % segnet-camera --network=fcn-resnet18-deepscene
23:22:00 Total DISK READ :   28614.14 K/s | Total DISK WRITE :       3.48 K/s
23:22:00 Actual DISK READ:   28614.14 K/s | Actual DISK WRITE:       0.00 K/s
    TIME  PID  PRIO  USER     DISK READ  DISK WRITE  SWAPIN      IO    COMMAND
23:22:00 17855 ?sys root     28614.14 K/s    0.00 K/s  0.00 % 36.89 % segnet-camera --network=fcn-resnet18-deepscene
23:22:00 17853 ?sys root        0.00 K/s    3.48 K/s  0.00 %  0.00 % python2 /usr/bin/dstat -gmrsty -c -C 0,1,2,3,total --output dstat.log
23:22:01 Total DISK READ :   29156.78 K/s | Total DISK WRITE :       3.37 K/s
23:22:01 Actual DISK READ:   29156.78 K/s | Actual DISK WRITE:      23.62 K/s
    TIME  PID  PRIO  USER     DISK READ  DISK WRITE  SWAPIN      IO    COMMAND
23:22:01 17855 ?sys root     29156.78 K/s    0.00 K/s  0.00 % 33.74 % segnet-camera --network=fcn-resnet18-deepscene
23:22:01  7866 ?sys lefv2603    0.00 K/s    3.37 K/s  0.00 %  0.00 % chromium-browser --enable-pinch
23:22:02 Total DISK READ :   34486.86 K/s | Total DISK WRITE :       3.45 K/s
23:22:02 Actual DISK READ:   34486.86 K/s | Actual DISK WRITE:       0.00 K/s
    TIME  PID  PRIO  USER     DISK READ  DISK WRITE  SWAPIN      IO    COMMAND
23:22:02 17855 ?sys root     34486.86 K/s    0.00 K/s  0.00 % 38.54 % segnet-camera --network=fcn-resnet18-deepscene
23:22:02  1907 ?sys root        0.00 K/s    3.45 K/s  0.00 %  0.52 % [jbd2/mmcblk0p1-]
23:22:04 Total DISK READ :   19886.29 K/s | Total DISK WRITE :       0.00 K/s
23:22:04 Actual DISK READ:   19886.29 K/s | Actual DISK WRITE:      97.67 K/s
    TIME  PID  PRIO  USER     DISK READ  DISK WRITE  SWAPIN      IO    COMMAND
23:22:04 17855 ?sys root     19886.29 K/s    0.00 K/s  0.00 % 22.28 % segnet-camera --network=fcn-resnet18-deepscene
23:22:05 Total DISK READ :   34740.23 K/s | Total DISK WRITE :      20.90 K/s
23:22:05 Actual DISK READ:   34740.23 K/s | Actual DISK WRITE:       0.00 K/s
    TIME  PID  PRIO  USER     DISK READ  DISK WRITE  SWAPIN      IO    COMMAND
23:22:05 17855 ?sys root     34740.23 K/s    0.00 K/s  0.00 % 37.03 % segnet-camera --network=fcn-resnet18-deepscene
23:22:05  7866 ?sys lefv2603    0.00 K/s   20.90 K/s  0.00 %  0.00 % chromium-browser --enable-pinch
23:22:06 Total DISK READ :   21369.56 K/s | Total DISK WRITE :      20.79 K/s
23:22:06 Actual DISK READ:   21369.56 K/s | Actual DISK WRITE:       0.00 K/s
    TIME  PID  PRIO  USER     DISK READ  DISK WRITE  SWAPIN      IO    COMMAND
23:22:06 17855 ?sys root     21369.56 K/s    0.00 K/s  0.00 % 27.11 % segnet-camera --network=fcn-resnet18-deepscene
23:22:06  7866 ?sys lefv2603    0.00 K/s   20.79 K/s  0.00 %  0.00 % chromium-browser --enable-pinch
23:22:07 Total DISK READ :   27816.90 K/s | Total DISK WRITE :      10.35 K/s
23:22:07 Actual DISK READ:   27816.90 K/s | Actual DISK WRITE:     176.01 K/s
    TIME  PID  PRIO  USER     DISK READ  DISK WRITE  SWAPIN      IO    COMMAND
23:22:07 17855 ?sys root     27816.90 K/s    0.00 K/s  0.00 % 32.65 % segnet-camera --network=fcn-resnet18-deepscene
23:22:07 17134 ?sys root        0.00 K/s    0.00 K/s  0.00 % 12.86 % [kworker/u8:3]
23:22:07  1907 ?sys root        0.00 K/s    0.00 K/s  0.00 %  1.43 % [jbd2/mmcblk0p1-]
23:22:07  7866 ?sys lefv2603    0.00 K/s   10.35 K/s  0.00 %  0.10 % chromium-browser --enable-pinch
23:22:08 Total DISK READ :   26280.39 K/s | Total DISK WRITE :      27.85 K/s
23:22:08 Actual DISK READ:   26280.39 K/s | Actual DISK WRITE:       0.00 K/s
    TIME  PID  PRIO  USER     DISK READ  DISK WRITE  SWAPIN      IO    COMMAND
23:22:08 17855 ?sys root     26280.39 K/s    0.00 K/s  0.00 % 32.84 % segnet-camera --network=fcn-resnet18-deepscene
23:22:08  7866 ?sys lefv2603    0.00 K/s    6.96 K/s  0.00 %  0.00 % chromium-browser --enable-pinch
23:22:08 17853 ?sys root        0.00 K/s    3.48 K/s  0.00 %  0.00 % python2 /usr/bin/dstat -gmrsty -c -C 0,1,2,3,total --output dstat.log
23:22:08 17854 ?sys root        0.00 K/s    6.96 K/s  0.00 %  0.00 % python3 /usr/sbin/iotop --batch --time --only --processes --kilobytes
23:22:08 17856 ?sys root        0.00 K/s    6.96 K/s  0.00 %  0.00 % free -m -s 1 -t -l
23:22:08 17857 ?sys root        0.00 K/s    3.48 K/s  0.00 %  0.00 % tegrastats
23:22:09 Total DISK READ :   26793.81 K/s | Total DISK WRITE :     429.14 K/s
23:22:09 Actual DISK READ:   26793.81 K/s | Actual DISK WRITE:     425.68 K/s
    TIME  PID  PRIO  USER     DISK READ  DISK WRITE  SWAPIN      IO    COMMAND
23:22:09 17855 ?sys root     26793.81 K/s    0.00 K/s  0.00 % 31.42 % segnet-camera --network=fcn-resnet18-deepscene
23:22:09  7866 ?sys lefv2603    0.00 K/s    3.46 K/s  0.00 %  0.00 % chromium-browser --enable-pinch
23:22:09  7903 ?sys lefv2603    0.00 K/s  425.68 K/s  0.00 %  0.00 % chromium-browser --type=utility --field-trial-handle=14439669780559766899,13009923511338301602,131072 --lang=en-GB --service-sandbox-type=network --disable-webrtc-apm-in-audio-service --shared-files=v8_snapshot_data:100
23:22:10 Total DISK READ :   25016.26 K/s | Total DISK WRITE :      13.81 K/s
23:22:10 Actual DISK READ:   27326.25 K/s | Actual DISK WRITE:       0.00 K/s
    TIME  PID  PRIO  USER     DISK READ  DISK WRITE  SWAPIN      IO    COMMAND
23:22:10 17855 ?sys root     20959.10 K/s    6.91 K/s  0.00 %  8.96 % segnet-camera --network=fcn-resnet18-deepscene
23:22:10  6569 ?sys root     3373.48 K/s    0.00 K/s  0.00 %  3.13 % Xorg vt2 -displayfd 3 -auth /run/user/1000/gdm/Xauthority -background none -noreset -keeptty -verbose 3
23:22:10  6580 ?sys lefv2603  238.25 K/s    0.00 K/s  0.00 %  1.00 % dbus-daemon --session --address=systemd: --nofork --nopidfile --systemd-activation --syslog-only
23:22:10  6792 ?sys lefv2603  428.16 K/s    0.00 K/s  0.00 %  0.80 % bamfdaemon
23:22:10  7070 ?sys lefv2603   17.26 K/s    0.00 K/s  0.00 %  0.14 % compiz
23:22:10  4058 ?sys syslog      0.00 K/s    3.45 K/s  0.00 %  0.00 % rsyslogd -n
23:22:10 17857 ?sys root        0.00 K/s    3.45 K/s  0.00 %  0.00 % tegrastats
23:22:12 Total DISK READ :    2528.14 K/s | Total DISK WRITE :    1178.89 K/s
23:22:12 Actual DISK READ:    5860.39 K/s | Actual DISK WRITE:    1318.59 K/s
    TIME  PID  PRIO  USER     DISK READ  DISK WRITE  SWAPIN      IO    COMMAND
23:22:12  1907 ?sys root        0.00 K/s   54.52 K/s  0.00 %  0.80 % [jbd2/mmcblk0p1-]
23:22:12  4674 ?sys root     1080.08 K/s    0.00 K/s  0.00 %  0.20 % containerd
23:22:12  5210 ?sys root     1448.06 K/s 1124.38 K/s  0.00 %  0.15 % nvargus-daemon
23:22:12 15143 ?sys root        0.00 K/s    0.00 K/s  0.00 %  0.01 % [kworker/u8:1]
23:22:13 Total DISK READ :   24211.96 K/s | Total DISK WRITE :      29.13 K/s
23:22:13 Actual DISK READ:   25665.13 K/s | Actual DISK WRITE:       6.47 K/s
    TIME  PID  PRIO  USER     DISK READ  DISK WRITE  SWAPIN      IO    COMMAND
23:22:13 17853 ?sys root       19.42 K/s    3.24 K/s  0.00 % 12.42 % python2 /usr/bin/dstat -gmrsty -c -C 0,1,2,3,total --output dstat.log
23:22:13 17857 ?sys root        3.24 K/s    3.24 K/s  0.00 %  7.89 % tegrastats
23:22:13 17855 ?sys root     16797.23 K/s    3.24 K/s  0.00 %  3.80 % segnet-camera --network=fcn-resnet18-deepscene
23:22:13 17856 ?sys root        3.24 K/s    3.24 K/s  0.00 %  2.24 % free -m -s 1 -t -l
23:22:13  6569 ?sys root     1576.16 K/s    0.00 K/s  0.00 %  2.00 % Xorg vt2 -displayfd 3 -auth /run/user/1000/gdm/Xauthority -background none -noreset -keeptty -verbose 3
23:22:13  7070 ?sys lefv2603 5534.35 K/s    0.00 K/s  0.00 %  1.69 % compiz
23:22:13 17854 ?sys root        6.47 K/s    3.24 K/s  0.00 %  0.71 % python3 /usr/sbin/iotop --batch --time --only --processes --kilobytes
23:22:13  4022 ?sys root      110.04 K/s    0.00 K/s  0.00 %  0.47 % NetworkManager --no-daemon
23:22:13  7161 ?sys lefv2603  113.28 K/s    0.00 K/s  0.00 %  0.34 % python3 /usr/share/nvpmodel_indicator/nvpmodel_indicator.py
23:22:13  7369 ?sys lefv2603   25.89 K/s    0.00 K/s  0.00 %  0.15 % update-notifier
23:22:13  6792 ?sys lefv2603   22.66 K/s    0.00 K/s  0.00 %  0.09 % bamfdaemon
23:22:13  7866 ?sys lefv2603    0.00 K/s   12.95 K/s  0.00 %  0.00 % chromium-browser --enable-pinch
23:22:14 Total DISK READ :   26428.80 K/s | Total DISK WRITE :       9.69 K/s
23:22:14 Actual DISK READ:   25676.27 K/s | Actual DISK WRITE:       0.00 K/s
    TIME  PID  PRIO  USER     DISK READ  DISK WRITE  SWAPIN      IO    COMMAND
23:22:14  6569 ?sys root     1343.56 K/s    0.00 K/s  0.00 %  5.22 % Xorg vt2 -displayfd 3 -auth /run/user/1000/gdm/Xauthority -background none -noreset -keeptty -verbose 3
23:22:14 15600 ?sys lefv2603 9621.34 K/s    0.00 K/s  0.00 %  2.33 % chromium-browser --type=renderer --disable-webrtc-apm-in-audio-service --field-trial-handle=14439669780559766899,13009923511338301602,131072 --lang=en-GB --enable-auto-reload --num-raster-threads=2 --enable-main-frame-before-activation --renderer-client-id=200 --no-v8-untrusted-code-mitigations --shared-files=v8_snapshot_data:100
23:22:14 12730 ?sys lefv2603  335.89 K/s    0.00 K/s  0.00 %  1.90 % gnome-calculator
23:22:14 17853 ?sys root      316.51 K/s    0.00 K/s  0.00 %  1.38 % python2 /usr/bin/dstat -gmrsty -c -C 0,1,2,3,total --output dstat.log
23:22:14  7161 ?sys lefv2603    0.00 K/s    0.00 K/s  0.00 %  1.28 % python3 /usr/share/nvpmodel_indicator/nvpmodel_indicator.py
23:22:14  7866 ?sys lefv2603 10580.56 K/s    0.00 K/s  0.00 %  0.88 % chromium-browser --enable-pinch
23:22:14 17854 ?sys root      109.81 K/s    3.23 K/s  0.00 %  0.72 % python3 /usr/sbin/iotop --batch --time --only --processes --kilobytes
23:22:14  7070 ?sys lefv2603 1983.05 K/s    0.00 K/s  0.00 %  0.69 % compiz
23:22:14  7371 ?sys lefv2603  332.66 K/s    0.00 K/s  0.00 %  0.43 % gnome-software --gapplication-service
23:22:14  4674 ?sys root     1601.94 K/s    0.00 K/s  0.00 %  0.23 % containerd
23:22:14  7311 ?sys lefv2603    3.23 K/s    0.00 K/s  0.00 %  0.06 % zeitgeist-datahub
23:22:14  7851 ?sys lefv2603    3.23 K/s    0.00 K/s  0.00 %  0.04 % unity-music-daemon
23:22:14  6793 ?sys lefv2603   12.92 K/s    0.00 K/s  0.00 %  0.00 % unity-settings-daemon
23:22:14  7082 ?sys lefv2603   61.36 K/s    0.00 K/s  0.00 %  0.00 % unity-panel-service
23:22:14  7529 ?sys lefv2603   16.15 K/s    0.00 K/s  0.00 %  0.00 % python3 /usr/bin/update-manager --no-update --no-focus-on-map
23:22:14  7915 ?sys lefv2603  106.58 K/s    0.00 K/s  0.00 %  0.00 % notify-osd
23:22:14 17855 ?sys root        0.00 K/s    6.46 K/s  0.00 %  0.00 % segnet-camera --network=fcn-resnet18-deepscene
23:22:15 Total DISK READ :   30878.59 K/s | Total DISK WRITE :      16.78 K/s
23:22:15 Actual DISK READ:   31794.88 K/s | Actual DISK WRITE:       0.00 K/s
    TIME  PID  PRIO  USER     DISK READ  DISK WRITE  SWAPIN      IO    COMMAND
23:22:15  7529 ?sys lefv2603    0.00 K/s    0.00 K/s  0.00 % 17.60 % python3 /usr/bin/update-manager --no-update --no-focus-on-map
23:22:15  6793 ?sys lefv2603  187.96 K/s    0.00 K/s  0.00 % 11.47 % unity-settings-daemon
23:22:15  6792 ?sys lefv2603 1741.96 K/s    0.00 K/s  0.00 % 11.06 % bamfdaemon
23:22:15  7070 ?sys lefv2603 4678.78 K/s    0.00 K/s  0.00 %  9.25 % compiz
23:22:15  7145 ?sys lefv2603    0.00 K/s    0.00 K/s  0.00 %  8.36 % nm-applet
23:22:15  6791 ?sys lefv2603    0.00 K/s    0.00 K/s  0.00 %  8.32 % indicator-keyboard-service --use-gtk
23:22:15  7141 ?sys lefv2603    0.00 K/s    0.00 K/s  0.00 %  8.32 % polkit-gnome-authentication-agent-1
23:22:15  7369 ?sys lefv2603    0.00 K/s    0.00 K/s  0.00 %  8.31 % update-notifier
23:22:15  7082 ?sys lefv2603    0.00 K/s    0.00 K/s  0.00 %  8.31 % unity-panel-service
23:22:15  7174 ?sys lefv2603    6.71 K/s    0.00 K/s  0.00 %  8.29 % unity-fallback-mount-helper
23:22:15  7371 ?sys lefv2603    0.00 K/s    0.00 K/s  0.00 %  8.29 % gnome-software --gapplication-service
23:22:15  7728 ?sys lefv2603  241.66 K/s    0.00 K/s  0.00 %  8.28 % gnome-terminal-server
23:22:15  7163 ?sys lefv2603 1386.18 K/s    0.00 K/s  0.00 %  8.27 % ibus-x11 --kill-daemon
23:22:15  7915 ?sys lefv2603    0.00 K/s    0.00 K/s  0.00 %  8.26 % notify-osd
23:22:15  7110 ?sys lefv2603 1580.85 K/s    0.00 K/s  0.00 %  8.20 % nautilus-desktop
23:22:15 12730 ?sys lefv2603    0.00 K/s    0.00 K/s  0.00 %  6.39 % gnome-calculator
23:22:15  7161 ?sys lefv2603    0.00 K/s    0.00 K/s  0.00 %  5.54 % python3 /usr/share/nvpmodel_indicator/nvpmodel_indicator.py
23:22:15 15600 ?sys lefv2603 8394.28 K/s    0.00 K/s  0.00 %  4.55 % chromium-browser --type=renderer --disable-webrtc-apm-in-audio-service --field-trial-handle=14439669780559766899,13009923511338301602,131072 --lang=en-GB --enable-auto-reload --num-raster-threads=2 --enable-main-frame-before-activation --renderer-client-id=200 --no-v8-untrusted-code-mitigations --shared-files=v8_snapshot_data:100
23:22:15  7866 ?sys lefv2603 8018.36 K/s   13.43 K/s  0.00 %  1.92 % chromium-browser --enable-pinch
23:22:15  7903 ?sys lefv2603 4628.43 K/s    0.00 K/s  0.00 %  1.45 % chromium-browser --type=utility --field-trial-handle=14439669780559766899,13009923511338301602,131072 --lang=en-GB --service-sandbox-type=network --disable-webrtc-apm-in-audio-service --shared-files=v8_snapshot_data:100
23:22:15  7691 ?sys lefv2603   13.43 K/s    0.00 K/s  0.00 %  0.31 % unity-scope-loader applications/applications.scope applications/scopes.scope commands.scope
23:22:15 17855 ?sys root        0.00 K/s    3.36 K/s  0.00 %  0.00 % segnet-camera --network=fcn-resnet18-deepscene
23:22:15  6569 ?sys root        0.00 K/s    0.00 K/s  0.00 %  0.00 % Xorg vt2 -displayfd 3 -auth /run/user/1000/gdm/Xauthority -background none -noreset -keeptty -verbose 3
23:22:17 Total DISK READ :   19463.09 K/s | Total DISK WRITE :      55.82 K/s
23:22:17 Actual DISK READ:   19463.09 K/s | Actual DISK WRITE:      55.82 K/s
    TIME  PID  PRIO  USER     DISK READ  DISK WRITE  SWAPIN      IO    COMMAND
23:22:17  7728 ?sys lefv2603 1214.80 K/s    0.00 K/s  0.00 % 14.81 % gnome-terminal-server
23:22:17  7070 ?sys lefv2603 1681.02 K/s    0.00 K/s  0.00 %  4.56 % compiz
23:22:17  7082 ?sys lefv2603  105.06 K/s    0.00 K/s  0.00 %  4.23 % unity-panel-service
23:22:17  7110 ?sys lefv2603  833.94 K/s    0.00 K/s  0.00 %  2.89 % nautilus-desktop
23:22:17  6569 ?sys root     1323.15 K/s    0.00 K/s  0.00 %  2.80 % Xorg vt2 -displayfd 3 -auth /run/user/1000/gdm/Xauthority -background none -noreset -keeptty -verbose 3
23:22:17  6792 ?sys lefv2603    0.00 K/s    0.00 K/s  0.00 %  2.33 % bamfdaemon
23:22:17  7866 ?sys lefv2603 10398.04 K/s    0.00 K/s  0.00 %  1.64 % chromium-browser --enable-pinch
23:22:17  7903 ?sys lefv2603 1142.57 K/s    0.00 K/s  0.00 %  1.21 % chromium-browser --type=utility --field-trial-handle=14439669780559766899,13009923511338301602,131072 --lang=en-GB --service-sandbox-type=network --disable-webrtc-apm-in-audio-service --shared-files=v8_snapshot_data:100
23:22:17  1907 ?sys root        0.00 K/s   45.97 K/s  0.00 %  0.63 % [jbd2/mmcblk0p1-]
23:22:17 15600 ?sys lefv2603 1582.53 K/s    0.00 K/s  0.00 %  0.28 % chromium-browser --type=renderer --disable-webrtc-apm-in-audio-service --field-trial-handle=14439669780559766899,13009923511338301602,131072 --lang=en-GB --enable-auto-reload --num-raster-threads=2 --enable-main-frame-before-activation --renderer-client-id=200 --no-v8-untrusted-code-mitigations --shared-files=v8_snapshot_data:100
23:22:17  4674 ?sys root     1050.64 K/s    0.00 K/s  0.00 %  0.15 % containerd
23:22:17  7150 ?sys lefv2603  131.33 K/s    0.00 K/s  0.00 %  0.12 % ibus-daemon --replace --panel disable --xim
23:22:17 17854 ?sys root        0.00 K/s    3.28 K/s  0.00 %  0.00 % python3 /usr/sbin/iotop --batch --time --only --processes --kilobytes
23:22:17 17855 ?sys root        0.00 K/s    6.57 K/s  0.00 %  0.00 % segnet-camera --network=fcn-resnet18-deepscene
23:22:18 Total DISK READ :   13362.89 K/s | Total DISK WRITE :      23.31 K/s
23:22:18 Actual DISK READ:   13602.64 K/s | Actual DISK WRITE:       0.00 K/s
    TIME  PID  PRIO  USER     DISK READ  DISK WRITE  SWAPIN      IO    COMMAND
23:22:18  7728 ?sys lefv2603  309.68 K/s    0.00 K/s  0.00 %  1.56 % gnome-terminal-server
23:22:18 15600 ?sys lefv2603 4638.55 K/s    0.00 K/s  0.00 %  1.26 % chromium-browser --type=renderer --disable-webrtc-apm-in-audio-service --field-trial-handle=14439669780559766899,13009923511338301602,131072 --lang=en-GB --enable-auto-reload --num-raster-threads=2 --enable-main-frame-before-activation --renderer-client-id=200 --no-v8-untrusted-code-mitigations --shared-files=v8_snapshot_data:100
23:22:18  7866 ?sys lefv2603 5407.76 K/s   13.32 K/s  0.00 %  1.01 % chromium-browser --enable-pinch
23:22:18  7903 ?sys lefv2603 2707.21 K/s    0.00 K/s  0.00 %  0.27 % chromium-browser --type=utility --field-trial-handle=14439669780559766899,13009923511338301602,131072 --lang=en-GB --service-sandbox-type=network --disable-webrtc-apm-in-audio-service --shared-files=v8_snapshot_data:100
23:22:18  7369 ?sys lefv2603  159.84 K/s    0.00 K/s  0.00 %  0.12 % update-notifier
23:22:18  7070 ?sys lefv2603   93.24 K/s    0.00 K/s  0.00 %  0.09 % compiz
23:22:18  7082 ?sys lefv2603   46.62 K/s    0.00 K/s  0.00 %  0.06 % unity-panel-service
23:22:18 17853 ?sys root        0.00 K/s    3.33 K/s  0.00 %  0.00 % python2 /usr/bin/dstat -gmrsty -c -C 0,1,2,3,total --output dstat.log
23:22:18 17854 ?sys root        0.00 K/s    3.33 K/s  0.00 %  0.00 % python3 /usr/sbin/iotop --batch --time --only --processes --kilobytes
23:22:18 17855 ?sys root        0.00 K/s    3.33 K/s  0.00 %  0.00 % segnet-camera --network=fcn-resnet18-deepscene
23:22:19 Total DISK READ :   11950.53 K/s | Total DISK WRITE :      50.68 K/s
23:22:19 Actual DISK READ:   11707.26 K/s | Actual DISK WRITE:       0.00 K/s
    TIME  PID  PRIO  USER     DISK READ  DISK WRITE  SWAPIN      IO    COMMAND
23:22:19  7903 ?sys lefv2603 3689.56 K/s    0.00 K/s  0.00 %  1.54 % chromium-browser --type=utility --field-trial-handle=14439669780559766899,13009923511338301602,131072 --lang=en-GB --service-sandbox-type=network --disable-webrtc-apm-in-audio-service --shared-files=v8_snapshot_data:100
23:22:19  6686 ?sys lefv2603  273.68 K/s    0.00 K/s  0.00 %  1.44 % ssh-agent /usr/bin/im-launch env LD_PRELOAD=libgtk3-nocsd.so.0 /usr/lib/gnome-session/run-systemd-session unity-session.target
23:22:19 15600 ?sys lefv2603 6047.91 K/s    0.00 K/s  0.00 %  1.25 % chromium-browser --type=renderer --disable-webrtc-apm-in-audio-service --field-trial-handle=14439669780559766899,13009923511338301602,131072 --lang=en-GB --enable-auto-reload --num-raster-threads=2 --enable-main-frame-before-activation --renderer-client-id=200 --no-v8-untrusted-code-mitigations --shared-files=v8_snapshot_data:100
23:22:19  6569 ?sys root      516.94 K/s    0.00 K/s  0.00 %  0.42 % Xorg vt2 -displayfd 3 -auth /run/user/1000/gdm/Xauthority -background none -noreset -keeptty -verbose 3
23:22:19  6793 ?sys lefv2603  179.07 K/s    0.00 K/s  0.00 %  0.23 % unity-settings-daemon
23:22:19  7866 ?sys lefv2603 1243.37 K/s   40.54 K/s  0.00 %  0.19 % chromium-browser --enable-pinch
23:22:19 17855 ?sys root        0.00 K/s    6.76 K/s  0.00 %  0.00 % segnet-camera --network=fcn-resnet18-deepscene
23:22:20 Total DISK READ :    4989.56 K/s | Total DISK WRITE :       6.77 K/s
23:22:20 Actual DISK READ:    4989.56 K/s | Actual DISK WRITE:       0.00 K/s
    TIME  PID  PRIO  USER     DISK READ  DISK WRITE  SWAPIN      IO    COMMAND
23:22:20  4674 ?sys root     4989.56 K/s    0.00 K/s  0.00 %  0.81 % containerd
23:22:20 17855 ?sys root        0.00 K/s    3.38 K/s  0.00 %  0.00 % segnet-camera --network=fcn-resnet18-deepscene
23:22:20 17856 ?sys root        0.00 K/s    3.38 K/s  0.00 %  0.00 % free -m -s 1 -t -l
23:22:21 Total DISK READ :     581.06 K/s | Total DISK WRITE :      10.13 K/s
23:22:21 Actual DISK READ:     979.70 K/s | Actual DISK WRITE:       0.00 K/s
    TIME  PID  PRIO  USER     DISK READ  DISK WRITE  SWAPIN      IO    COMMAND
23:22:21  7728 ?sys lefv2603  216.21 K/s    0.00 K/s  0.00 %  0.29 % gnome-terminal-server
23:22:21  7369 ?sys lefv2603   57.43 K/s    0.00 K/s  0.00 %  0.14 % update-notifier
23:22:21  7866 ?sys lefv2603  307.42 K/s    0.00 K/s  0.00 %  0.04 % chromium-browser --enable-pinch
23:22:21 17854 ?sys root        0.00 K/s    3.38 K/s  0.00 %  0.00 % python3 /usr/sbin/iotop --batch --time --only --processes --kilobytes
23:22:21 17855 ?sys root        0.00 K/s    6.76 K/s  0.00 %  0.00 % segnet-camera --network=fcn-resnet18-deepscene
23:22:22 Total DISK READ :    6383.15 K/s | Total DISK WRITE :      37.13 K/s
23:22:22 Actual DISK READ:    8837.17 K/s | Actual DISK WRITE:      97.89 K/s
    TIME  PID  PRIO  USER     DISK READ  DISK WRITE  SWAPIN      IO    COMMAND
23:22:22  5043 ?sys root      796.63 K/s    0.00 K/s  0.00 %  2.05 % bash /etc/systemd/nvmemwarning.sh
23:22:22  7110 ?sys lefv2603 1032.92 K/s    3.38 K/s  0.00 %  1.69 % nautilus-desktop
23:22:22  7070 ?sys lefv2603 3561.20 K/s    0.00 K/s  0.00 %  1.43 % compiz
23:22:22  1907 ?sys root        0.00 K/s   30.38 K/s  0.00 %  0.78 % [jbd2/mmcblk0p1-]
23:22:22  4674 ?sys root      975.53 K/s    0.00 K/s  0.00 %  0.18 % containerd
23:22:22  7728 ?sys lefv2603   16.88 K/s    0.00 K/s  0.00 %  0.17 % gnome-terminal-server
23:22:22 17855 ?sys root        0.00 K/s    3.38 K/s  0.00 %  0.00 % segnet-camera --network=fcn-resnet18-deepscene
23:22:24 Total DISK READ :    2134.21 K/s | Total DISK WRITE :       6.75 K/s
23:22:24 Actual DISK READ:    2894.02 K/s | Actual DISK WRITE:       0.00 K/s
    TIME  PID  PRIO  USER     DISK READ  DISK WRITE  SWAPIN      IO    COMMAND
23:22:24  7070 ?sys lefv2603 2134.21 K/s    0.00 K/s  0.00 %  0.82 % compiz
23:22:24 17855 ?sys root        0.00 K/s    6.75 K/s  0.00 %  0.00 % segnet-camera --network=fcn-resnet18-deepscene
23:22:24  6569 ?sys root        0.00 K/s    0.00 K/s  0.00 %  0.00 % Xorg vt2 -displayfd 3 -auth /run/user/1000/gdm/Xauthority -background none -noreset -keeptty -verbose 3
23:22:25 Total DISK READ :   26281.62 K/s | Total DISK WRITE :      37.47 K/s
23:22:25 Actual DISK READ:   26281.62 K/s | Actual DISK WRITE:       0.00 K/s
    TIME  PID  PRIO  USER     DISK READ  DISK WRITE  SWAPIN      IO    COMMAND
23:22:25  6792 ?sys lefv2603  715.38 K/s    0.00 K/s  0.00 %  4.40 % bamfdaemon
23:22:25 15615 ?sys lefv2603 8547.06 K/s    0.00 K/s  0.00 %  2.38 % chromium-browser --type=renderer --disable-webrtc-apm-in-audio-service --field-trial-handle=14439669780559766899,13009923511338301602,131072 --lang=en-GB --enable-auto-reload --num-raster-threads=2 --enable-main-frame-before-activation --renderer-client-id=201 --no-v8-untrusted-code-mitigations --shared-files=v8_snapshot_data:100
23:22:25  7866 ?sys lefv2603 16603.58 K/s   30.66 K/s  0.00 %  2.02 % chromium-browser --enable-pinch
23:22:25  7070 ?sys lefv2603    3.41 K/s    0.00 K/s  0.00 %  1.38 % compiz
23:22:25 17855 ?sys root      412.19 K/s    3.41 K/s  0.00 %  0.18 % segnet-camera --network=fcn-resnet18-deepscene
23:22:25 17857 ?sys root        0.00 K/s    3.41 K/s  0.00 %  0.00 % tegrastats
23:22:26 Total DISK READ :   17423.74 K/s | Total DISK WRITE :      50.28 K/s
23:22:26 Actual DISK READ:   17423.74 K/s | Actual DISK WRITE:       0.00 K/s
    TIME  PID  PRIO  USER     DISK READ  DISK WRITE  SWAPIN      IO    COMMAND
23:22:26  1940 ?sys root      945.27 K/s    0.00 K/s  0.00 %  6.03 % systemd-journald
23:22:26 15615 ?sys lefv2603 5601.21 K/s    0.00 K/s  0.00 %  3.31 % chromium-browser --type=renderer --disable-webrtc-apm-in-audio-service --field-trial-handle=14439669780559766899,13009923511338301602,131072 --lang=en-GB --enable-auto-reload --num-raster-threads=2 --enable-main-frame-before-activation --renderer-client-id=201 --no-v8-untrusted-code-mitigations --shared-files=v8_snapshot_data:100
23:22:26  4058 ?sys syslog    439.11 K/s    3.35 K/s  0.00 %  1.71 % rsyslogd -n
23:22:26  7866 ?sys lefv2603 6851.50 K/s   40.22 K/s  0.00 %  1.54 % chromium-browser --enable-pinch
23:22:26  7900 ?sys lefv2603 3050.33 K/s    0.00 K/s  0.00 %  1.31 % chromium-browser --type=gpu-process --field-trial-handle=14439669780559766899,13009923511338301602,131072 --gpu-preferences=MAAAAAAAAAAgAAAAAAAAAAAAAAAAAAAAAABgAAAAAAAQAAAAAAAAAAAAAAAAAAAACAAAAAAAAAA= --shared-files
23:22:26  6793 ?sys lefv2603  536.32 K/s    0.00 K/s  0.00 %  0.47 % unity-settings-daemon
23:22:26 17855 ?sys root        0.00 K/s    6.70 K/s  0.00 %  0.00 % segnet-camera --network=fcn-resnet18-deepscene
23:22:27 Total DISK READ :     135.21 K/s | Total DISK WRITE :      16.90 K/s
23:22:27 Actual DISK READ:     135.21 K/s | Actual DISK WRITE:     270.41 K/s
    TIME  PID  PRIO  USER     DISK READ  DISK WRITE  SWAPIN      IO    COMMAND
23:22:27 15615 ?sys lefv2603  131.83 K/s    0.00 K/s  0.00 %  0.03 % chromium-browser --type=renderer --disable-webrtc-apm-in-audio-service --field-trial-handle=14439669780559766899,13009923511338301602,131072 --lang=en-GB --enable-auto-reload --num-raster-threads=2 --enable-main-frame-before-activation --renderer-client-id=201 --no-v8-untrusted-code-mitigations --shared-files=v8_snapshot_data:100
23:22:27  7866 ?sys lefv2603    3.38 K/s    6.76 K/s  0.00 %  0.01 % chromium-browser --enable-pinch
23:22:27 17853 ?sys root        0.00 K/s    3.38 K/s  0.00 %  0.00 % python2 /usr/bin/dstat -gmrsty -c -C 0,1,2,3,total --output dstat.log
23:22:27 17854 ?sys root        0.00 K/s    3.38 K/s  0.00 %  0.00 % python3 /usr/sbin/iotop --batch --time --only --processes --kilobytes
23:22:27 17855 ?sys root        0.00 K/s    3.38 K/s  0.00 %  0.00 % segnet-camera --network=fcn-resnet18-deepscene
23:22:28 Total DISK READ :    1885.32 K/s | Total DISK WRITE :     105.12 K/s
23:22:28 Actual DISK READ:    1885.32 K/s | Actual DISK WRITE:      81.38 K/s
    TIME  PID  PRIO  USER     DISK READ  DISK WRITE  SWAPIN      IO    COMMAND
23:22:28  1907 ?sys root        0.00 K/s   71.21 K/s  0.00 %  0.81 % [jbd2/mmcblk0p1-]
23:22:28 15615 ?sys lefv2603 1661.52 K/s    0.00 K/s  0.00 %  0.29 % chromium-browser --type=renderer --disable-webrtc-apm-in-audio-service --field-trial-handle=14439669780559766899,13009923511338301602,131072 --lang=en-GB --enable-auto-reload --num-raster-threads=2 --enable-main-frame-before-activation --renderer-client-id=201 --no-v8-untrusted-code-mitigations --shared-files=v8_snapshot_data:100
23:22:28  7866 ?sys lefv2603  223.80 K/s   16.95 K/s  0.00 %  0.04 % chromium-browser --enable-pinch
23:22:28 17854 ?sys root        0.00 K/s    3.39 K/s  0.00 %  0.00 % python3 /usr/sbin/iotop --batch --time --only --processes --kilobytes
23:22:28 17855 ?sys root        0.00 K/s    6.78 K/s  0.00 %  0.00 % segnet-camera --network=fcn-resnet18-deepscene
23:22:28 17856 ?sys root        0.00 K/s    3.39 K/s  0.00 %  0.00 % free -m -s 1 -t -l
23:22:28 17857 ?sys root        0.00 K/s    3.39 K/s  0.00 %  0.00 % tegrastats
23:22:30 Total DISK READ :       0.00 K/s | Total DISK WRITE :       3.39 K/s
23:22:30 Actual DISK READ:       0.00 K/s | Actual DISK WRITE:       0.00 K/s
    TIME  PID  PRIO  USER     DISK READ  DISK WRITE  SWAPIN      IO    COMMAND
23:22:30 17855 ?sys root        0.00 K/s    3.39 K/s  0.00 %  0.00 % segnet-camera --network=fcn-resnet18-deepscene
23:22:31 Total DISK READ :    1557.71 K/s | Total DISK WRITE :      30.68 K/s
23:22:31 Actual DISK READ:    1557.71 K/s | Actual DISK WRITE:       0.00 K/s
    TIME  PID  PRIO  USER     DISK READ  DISK WRITE  SWAPIN      IO    COMMAND
23:22:31  7371 ?sys lefv2603 1339.56 K/s    0.00 K/s  0.00 %  0.69 % gnome-software --gapplication-service
23:22:31 15615 ?sys lefv2603  170.43 K/s    0.00 K/s  0.00 %  0.06 % chromium-browser --type=renderer --disable-webrtc-apm-in-audio-service --field-trial-handle=14439669780559766899,13009923511338301602,131072 --lang=en-GB --enable-auto-reload --num-raster-threads=2 --enable-main-frame-before-activation --renderer-client-id=201 --no-v8-untrusted-code-mitigations --shared-files=v8_snapshot_data:100
23:22:31  7866 ?sys lefv2603   47.72 K/s   23.86 K/s  0.00 %  0.02 % chromium-browser --enable-pinch
23:22:31 17855 ?sys root        0.00 K/s    6.82 K/s  0.00 %  0.00 % segnet-camera --network=fcn-resnet18-deepscene
23:22:32 Total DISK READ :    4707.84 K/s | Total DISK WRITE :      27.15 K/s
23:22:32 Actual DISK READ:    4707.84 K/s | Actual DISK WRITE:       0.00 K/s
    TIME  PID  PRIO  USER     DISK READ  DISK WRITE  SWAPIN      IO    COMMAND
23:22:32 15615 ?sys lefv2603 4707.84 K/s    0.00 K/s  0.00 %  0.73 % chromium-browser --type=renderer --disable-webrtc-apm-in-audio-service --field-trial-handle=14439669780559766899,13009923511338301602,131072 --lang=en-GB --enable-auto-reload --num-raster-threads=2 --enable-main-frame-before-activation --renderer-client-id=201 --no-v8-untrusted-code-mitigations --shared-files=v8_snapshot_data:100
23:22:32  7866 ?sys lefv2603    0.00 K/s   16.97 K/s  0.00 %  0.00 % chromium-browser --enable-pinch
23:22:32 17854 ?sys root        0.00 K/s    3.39 K/s  0.00 %  0.00 % python3 /usr/sbin/iotop --batch --time --only --processes --kilobytes
23:22:32 17855 ?sys root        0.00 K/s    3.39 K/s  0.00 %  0.00 % segnet-camera --network=fcn-resnet18-deepscene
23:22:32 17856 ?sys root        0.00 K/s    3.39 K/s  0.00 %  0.00 % free -m -s 1 -t -l
23:22:33 Total DISK READ :       0.00 K/s | Total DISK WRITE :      10.16 K/s
23:22:33 Actual DISK READ:       0.00 K/s | Actual DISK WRITE:      30.47 K/s
    TIME  PID  PRIO  USER     DISK READ  DISK WRITE  SWAPIN      IO    COMMAND
23:22:33  1907 ?sys root        0.00 K/s    3.39 K/s  0.00 %  0.70 % [jbd2/mmcblk0p1-]
23:22:33 17855 ?sys root        0.00 K/s    6.77 K/s  0.00 %  0.00 % segnet-camera --network=fcn-resnet18-deepscene
23:22:34 Total DISK READ :       0.00 K/s | Total DISK WRITE :       3.40 K/s
23:22:34 Actual DISK READ:       0.00 K/s | Actual DISK WRITE:       0.00 K/s
    TIME  PID  PRIO  USER     DISK READ  DISK WRITE  SWAPIN      IO    COMMAND
23:22:34 17855 ?sys root        0.00 K/s    3.40 K/s  0.00 %  0.00 % segnet-camera --network=fcn-resnet18-deepscene
23:22:35 Total DISK READ :       0.00 K/s | Total DISK WRITE :      10.26 K/s
23:22:35 Actual DISK READ:       0.00 K/s | Actual DISK WRITE:       0.00 K/s
    TIME  PID  PRIO  USER     DISK READ  DISK WRITE  SWAPIN      IO    COMMAND
23:22:35 17853 ?sys root        0.00 K/s    3.42 K/s  0.00 %  0.00 % python2 /usr/bin/dstat -gmrsty -c -C 0,1,2,3,total --output dstat.log
23:22:35 17855 ?sys root        0.00 K/s    6.84 K/s  0.00 %  0.00 % segnet-camera --network=fcn-resnet18-deepscene
23:22:37 Total DISK READ :     215.43 K/s | Total DISK WRITE :      10.26 K/s
23:22:37 Actual DISK READ:     215.43 K/s | Actual DISK WRITE:       0.00 K/s
    TIME  PID  PRIO  USER     DISK READ  DISK WRITE  SWAPIN      IO    COMMAND
23:22:37  6234 ?sys gdm        68.39 K/s    0.00 K/s  0.00 %  0.20 % gsd-color
23:22:37  7866 ?sys lefv2603  147.04 K/s    3.42 K/s  0.00 %  0.02 % chromium-browser --enable-pinch
23:22:37 17855 ?sys root        0.00 K/s    6.84 K/s  0.00 %  0.00 % segnet-camera --network=fcn-resnet18-deepscene
23:22:38 Total DISK READ :       0.00 K/s | Total DISK WRITE :      13.32 K/s
23:22:38 Actual DISK READ:       0.00 K/s | Actual DISK WRITE:     173.16 K/s
    TIME  PID  PRIO  USER     DISK READ  DISK WRITE  SWAPIN      IO    COMMAND
23:22:38 15143 ?sys root        0.00 K/s    0.00 K/s  0.00 %  1.59 % [kworker/u8:1]
23:22:38  7866 ?sys lefv2603    0.00 K/s    6.66 K/s  0.00 %  0.00 % chromium-browser --enable-pinch
23:22:38 17855 ?sys root        0.00 K/s    3.33 K/s  0.00 %  0.00 % segnet-camera --network=fcn-resnet18-deepscene
23:22:38 17857 ?sys root        0.00 K/s    3.33 K/s  0.00 %  0.00 % tegrastats
23:22:39 Total DISK READ :      10.21 K/s | Total DISK WRITE :     486.89 K/s
23:22:39 Actual DISK READ:      10.21 K/s | Actual DISK WRITE:     459.65 K/s
    TIME  PID  PRIO  USER     DISK READ  DISK WRITE  SWAPIN      IO    COMMAND
23:22:39  1907 ?sys root        0.00 K/s   34.05 K/s  0.00 %  0.71 % [jbd2/mmcblk0p1-]
23:22:39  7903 ?sys lefv2603   10.21 K/s  418.79 K/s  0.00 %  0.06 % chromium-browser --type=utility --field-trial-handle=14439669780559766899,13009923511338301602,131072 --lang=en-GB --service-sandbox-type=network --disable-webrtc-apm-in-audio-service --shared-files=v8_snapshot_data:100
23:22:39  7866 ?sys lefv2603    0.00 K/s   17.02 K/s  0.00 %  0.00 % chromium-browser --enable-pinch
23:22:39 17853 ?sys root        0.00 K/s    3.40 K/s  0.00 %  0.00 % python2 /usr/bin/dstat -gmrsty -c -C 0,1,2,3,total --output dstat.log
23:22:39 17854 ?sys root        0.00 K/s    3.40 K/s  0.00 %  0.00 % python3 /usr/sbin/iotop --batch --time --only --processes --kilobytes
23:22:39 17855 ?sys root        0.00 K/s    6.81 K/s  0.00 %  0.00 % segnet-camera --network=fcn-resnet18-deepscene
23:22:39 17856 ?sys root        0.00 K/s    3.40 K/s  0.00 %  0.00 % free -m -s 1 -t -l
23:22:40 Total DISK READ :       0.00 K/s | Total DISK WRITE :      16.69 K/s
23:22:40 Actual DISK READ:       0.00 K/s | Actual DISK WRITE:       0.00 K/s
    TIME  PID  PRIO  USER     DISK READ  DISK WRITE  SWAPIN      IO    COMMAND
23:22:40  7866 ?sys lefv2603    0.00 K/s    6.68 K/s  0.00 %  0.00 % chromium-browser --enable-pinch
23:22:40 17854 ?sys root        0.00 K/s    3.34 K/s  0.00 %  0.00 % python3 /usr/sbin/iotop --batch --time --only --processes --kilobytes
23:22:40 17855 ?sys root        0.00 K/s    3.34 K/s  0.00 %  0.00 % segnet-camera --network=fcn-resnet18-deepscene
23:22:40 17857 ?sys root        0.00 K/s    3.34 K/s  0.00 %  0.00 % tegrastats
23:22:41 Total DISK READ :       0.00 K/s | Total DISK WRITE :      13.51 K/s
23:22:41 Actual DISK READ:       0.00 K/s | Actual DISK WRITE:       0.00 K/s
    TIME  PID  PRIO  USER     DISK READ  DISK WRITE  SWAPIN      IO    COMMAND
23:22:41  7866 ?sys lefv2603    0.00 K/s    6.75 K/s  0.00 %  0.00 % chromium-browser --enable-pinch
23:22:41 17855 ?sys root        0.00 K/s    6.75 K/s  0.00 %  0.00 % segnet-camera --network=fcn-resnet18-deepscene
23:22:43 Total DISK READ :       0.00 K/s | Total DISK WRITE :      16.87 K/s
23:22:43 Actual DISK READ:    1008.61 K/s | Actual DISK WRITE:       0.00 K/s
    TIME  PID  PRIO  USER     DISK READ  DISK WRITE  SWAPIN      IO    COMMAND
23:22:43  7866 ?sys lefv2603    0.00 K/s   13.49 K/s  0.00 %  0.00 % chromium-browser --enable-pinch
23:22:43 17855 ?sys root        0.00 K/s    3.37 K/s  0.00 %  0.00 % segnet-camera --network=fcn-resnet18-deepscene
23:22:44 Total DISK READ :       0.00 K/s | Total DISK WRITE :      34.00 K/s
23:22:44 Actual DISK READ:       0.00 K/s | Actual DISK WRITE:      57.80 K/s
    TIME  PID  PRIO  USER     DISK READ  DISK WRITE  SWAPIN      IO    COMMAND
23:22:44  1907 ?sys root        0.00 K/s   23.80 K/s  0.00 %  0.75 % [jbd2/mmcblk0p1-]
23:22:44 17856 ?sys root        0.00 K/s    3.40 K/s  0.00 %  0.65 % free -m -s 1 -t -l
23:22:44 17855 ?sys root        0.00 K/s    6.80 K/s  0.00 %  0.00 % segnet-camera --network=fcn-resnet18-deepscene
23:22:45 Total DISK READ :       3.34 K/s | Total DISK WRITE :      33.41 K/s
23:22:45 Actual DISK READ:       3.34 K/s | Actual DISK WRITE:       0.00 K/s
    TIME  PID  PRIO  USER     DISK READ  DISK WRITE  SWAPIN      IO    COMMAND
23:22:45  7903 ?sys lefv2603    3.34 K/s    3.34 K/s  0.00 %  0.05 % chromium-browser --type=utility --field-trial-handle=14439669780559766899,13009923511338301602,131072 --lang=en-GB --service-sandbox-type=network --disable-webrtc-apm-in-audio-service --shared-files=v8_snapshot_data:100
23:22:45  7866 ?sys lefv2603    0.00 K/s   26.73 K/s  0.00 %  0.00 % chromium-browser --enable-pinch
23:22:45 17855 ?sys root        0.00 K/s    3.34 K/s  0.00 %  0.00 % segnet-camera --network=fcn-resnet18-deepscene
23:22:46 Total DISK READ :       3.41 K/s | Total DISK WRITE :      27.27 K/s
23:22:46 Actual DISK READ:       3.41 K/s | Actual DISK WRITE:       0.00 K/s
    TIME  PID  PRIO  USER     DISK READ  DISK WRITE  SWAPIN      IO    COMMAND
23:22:46  7903 ?sys lefv2603    3.41 K/s    0.00 K/s  0.00 %  0.05 % chromium-browser --type=utility --field-trial-handle=14439669780559766899,13009923511338301602,131072 --lang=en-GB --service-sandbox-type=network --disable-webrtc-apm-in-audio-service --shared-files=v8_snapshot_data:100
23:22:46  7866 ?sys lefv2603    0.00 K/s   20.45 K/s  0.00 %  0.00 % chromium-browser --enable-pinch
23:22:46 17855 ?sys root        0.00 K/s    6.82 K/s  0.00 %  0.00 % segnet-camera --network=fcn-resnet18-deepscene
23:22:47 Total DISK READ :       0.00 K/s | Total DISK WRITE :      10.23 K/s
23:22:47 Actual DISK READ:       0.00 K/s | Actual DISK WRITE:       0.00 K/s
    TIME  PID  PRIO  USER     DISK READ  DISK WRITE  SWAPIN      IO    COMMAND
23:22:47  7866 ?sys lefv2603    0.00 K/s    3.41 K/s  0.00 %  0.00 % chromium-browser --enable-pinch
23:22:47 17854 ?sys root        0.00 K/s    3.41 K/s  0.00 %  0.00 % python3 /usr/sbin/iotop --batch --time --only --processes --kilobytes
23:22:47 17855 ?sys root        0.00 K/s    3.41 K/s  0.00 %  0.00 % segnet-camera --network=fcn-resnet18-deepscene
23:22:48 Total DISK READ :     435.22 K/s | Total DISK WRITE :      63.61 K/s
23:22:48 Actual DISK READ:     435.22 K/s | Actual DISK WRITE:     130.57 K/s
    TIME  PID  PRIO  USER     DISK READ  DISK WRITE  SWAPIN      IO    COMMAND
23:22:48  1907 ?sys root        0.00 K/s   10.04 K/s  0.00 %  0.63 % [jbd2/mmcblk0p1-]
23:22:48  7903 ?sys lefv2603  435.22 K/s   46.87 K/s  0.00 %  0.43 % chromium-browser --type=utility --field-trial-handle=14439669780559766899,13009923511338301602,131072 --lang=en-GB --service-sandbox-type=network --disable-webrtc-apm-in-audio-service --shared-files=v8_snapshot_data:100
23:22:48 17855 ?sys root        0.00 K/s    6.70 K/s  0.00 %  0.00 % segnet-camera --network=fcn-resnet18-deepscene
23:22:50 Total DISK READ :       0.00 K/s | Total DISK WRITE :       3.36 K/s
23:22:50 Actual DISK READ:       0.00 K/s | Actual DISK WRITE:       0.00 K/s
    TIME  PID  PRIO  USER     DISK READ  DISK WRITE  SWAPIN      IO    COMMAND
23:22:50 17855 ?sys root        0.00 K/s    3.36 K/s  0.00 %  0.00 % segnet-camera --network=fcn-resnet18-deepscene
23:22:51 Total DISK READ :       0.00 K/s | Total DISK WRITE :       6.77 K/s
23:22:51 Actual DISK READ:       0.00 K/s | Actual DISK WRITE:       0.00 K/s
    TIME  PID  PRIO  USER     DISK READ  DISK WRITE  SWAPIN      IO    COMMAND
23:22:51 17855 ?sys root        0.00 K/s    6.77 K/s  0.00 %  0.00 % segnet-camera --network=fcn-resnet18-deepscene
23:22:52 Total DISK READ :       0.00 K/s | Total DISK WRITE :       3.37 K/s
23:22:52 Actual DISK READ:       0.00 K/s | Actual DISK WRITE:       0.00 K/s
    TIME  PID  PRIO  USER     DISK READ  DISK WRITE  SWAPIN      IO    COMMAND
23:22:52 17855 ?sys root        0.00 K/s    3.37 K/s  0.00 %  0.00 % segnet-camera --network=fcn-resnet18-deepscene
23:22:53 Total DISK READ :       0.00 K/s | Total DISK WRITE :       6.74 K/s
23:22:53 Actual DISK READ:       0.00 K/s | Actual DISK WRITE:      26.95 K/s
    TIME  PID  PRIO  USER     DISK READ  DISK WRITE  SWAPIN      IO    COMMAND
23:22:53 17855 ?sys root        0.00 K/s    6.74 K/s  0.00 %  0.00 % segnet-camera --network=fcn-resnet18-deepscene
23:22:54 Total DISK READ :       0.00 K/s | Total DISK WRITE :      10.15 K/s
23:22:54 Actual DISK READ:       0.00 K/s | Actual DISK WRITE:       0.00 K/s
    TIME  PID  PRIO  USER     DISK READ  DISK WRITE  SWAPIN      IO    COMMAND
23:22:54  1907 ?sys root        0.00 K/s    0.00 K/s  0.00 %  0.65 % [jbd2/mmcblk0p1-]
23:22:54 17853 ?sys root        0.00 K/s    3.38 K/s  0.00 %  0.00 % python2 /usr/bin/dstat -gmrsty -c -C 0,1,2,3,total --output dstat.log
23:22:54 17855 ?sys root        0.00 K/s    3.38 K/s  0.00 %  0.00 % segnet-camera --network=fcn-resnet18-deepscene
23:22:54 17857 ?sys root        0.00 K/s    3.38 K/s  0.00 %  0.00 % tegrastats
23:22:56 Total DISK READ :       0.00 K/s | Total DISK WRITE :      10.19 K/s
23:22:56 Actual DISK READ:       0.00 K/s | Actual DISK WRITE:       0.00 K/s
    TIME  PID  PRIO  USER     DISK READ  DISK WRITE  SWAPIN      IO    COMMAND
23:22:56 17855 ?sys root        0.00 K/s    6.79 K/s  0.00 %  0.00 % segnet-camera --network=fcn-resnet18-deepscene
23:22:56 17856 ?sys root        0.00 K/s    3.40 K/s  0.00 %  0.00 % free -m -s 1 -t -l
23:22:57 Total DISK READ :       0.00 K/s | Total DISK WRITE :       6.76 K/s
23:22:57 Actual DISK READ:       0.00 K/s | Actual DISK WRITE:       0.00 K/s
    TIME  PID  PRIO  USER     DISK READ  DISK WRITE  SWAPIN      IO    COMMAND
23:22:57 17854 ?sys root        0.00 K/s    3.38 K/s  0.00 %  0.00 % python3 /usr/sbin/iotop --batch --time --only --processes --kilobytes
23:22:57 17855 ?sys root        0.00 K/s    3.38 K/s  0.00 %  0.00 % segnet-camera --network=fcn-resnet18-deepscene
23:22:58 Total DISK READ :       0.00 K/s | Total DISK WRITE :       6.80 K/s
23:22:58 Actual DISK READ:       0.00 K/s | Actual DISK WRITE:       0.00 K/s
    TIME  PID  PRIO  USER     DISK READ  DISK WRITE  SWAPIN      IO    COMMAND
23:22:58 17855 ?sys root        0.00 K/s    6.80 K/s  0.00 %  0.00 % segnet-camera --network=fcn-resnet18-deepscene
23:22:59 Total DISK READ :       0.00 K/s | Total DISK WRITE :       3.42 K/s
23:22:59 Actual DISK READ:       0.00 K/s | Actual DISK WRITE:      27.36 K/s
    TIME  PID  PRIO  USER     DISK READ  DISK WRITE  SWAPIN      IO    COMMAND
23:22:59  1907 ?sys root        0.00 K/s    0.00 K/s  0.00 %  0.63 % [jbd2/mmcblk0p1-]
23:22:59 17855 ?sys root        0.00 K/s    3.42 K/s  0.00 %  0.00 % segnet-camera --network=fcn-resnet18-deepscene
23:23:00 Total DISK READ :    1029.50 K/s | Total DISK WRITE :       6.58 K/s
23:23:00 Actual DISK READ:    1029.50 K/s | Actual DISK WRITE:       0.00 K/s
    TIME  PID  PRIO  USER     DISK READ  DISK WRITE  SWAPIN      IO    COMMAND
23:23:00  6790 ?sys lefv2603  920.96 K/s    0.00 K/s  0.00 %  0.43 % indicator-datetime-service
23:23:00  7082 ?sys lefv2603  108.54 K/s    0.00 K/s  0.00 %  0.07 % unity-panel-service
23:23:00 17855 ?sys root        0.00 K/s    6.58 K/s  0.00 %  0.00 % segnet-camera --network=fcn-resnet18-deepscene
23:23:02 Total DISK READ :     119.22 K/s | Total DISK WRITE :       6.81 K/s
23:23:02 Actual DISK READ:     119.22 K/s | Actual DISK WRITE:       0.00 K/s
    TIME  PID  PRIO  USER     DISK READ  DISK WRITE  SWAPIN      IO    COMMAND
23:23:02  3897 ?sys root      119.22 K/s    0.00 K/s  0.00 %  0.88 % cron -f
23:23:02  7866 ?sys lefv2603    0.00 K/s    3.41 K/s  0.00 %  0.00 % chromium-browser --enable-pinch
23:23:02 17855 ?sys root        0.00 K/s    3.41 K/s  0.00 %  0.00 % segnet-camera --network=fcn-resnet18-deepscene
23:23:03 Total DISK READ :       0.00 K/s | Total DISK WRITE :       6.81 K/s
23:23:03 Actual DISK READ:       0.00 K/s | Actual DISK WRITE:       0.00 K/s
    TIME  PID  PRIO  USER     DISK READ  DISK WRITE  SWAPIN      IO    COMMAND
23:23:03 17855 ?sys root        0.00 K/s    6.81 K/s  0.00 %  0.00 % segnet-camera --network=fcn-resnet18-deepscene
23:23:04 Total DISK READ :       6.77 K/s | Total DISK WRITE :      94.72 K/s
23:23:04 Actual DISK READ:       6.77 K/s | Actual DISK WRITE:     348.42 K/s
    TIME  PID  PRIO  USER     DISK READ  DISK WRITE  SWAPIN      IO    COMMAND
23:23:04 17134 ?sys root        6.77 K/s    0.00 K/s  0.00 %  2.04 % [kworker/u8:3]
23:23:04  1907 ?sys root        0.00 K/s   54.12 K/s  0.00 %  0.82 % [jbd2/mmcblk0p1-]
23:23:04  7866 ?sys lefv2603    0.00 K/s   27.06 K/s  0.00 %  0.00 % chromium-browser --enable-pinch
23:23:04 17853 ?sys root        0.00 K/s    3.38 K/s  0.00 %  0.00 % python2 /usr/bin/dstat -gmrsty -c -C 0,1,2,3,total --output dstat.log
23:23:04 17855 ?sys root        0.00 K/s    3.38 K/s  0.00 %  0.00 % segnet-camera --network=fcn-resnet18-deepscene
23:23:04 17856 ?sys root        0.00 K/s    3.38 K/s  0.00 %  0.00 % free -m -s 1 -t -l
23:23:04 17857 ?sys root        0.00 K/s    3.38 K/s  0.00 %  0.00 % tegrastats
23:23:05 Total DISK READ :       0.00 K/s | Total DISK WRITE :     427.59 K/s
23:23:05 Actual DISK READ:       0.00 K/s | Actual DISK WRITE:     417.41 K/s
    TIME  PID  PRIO  USER     DISK READ  DISK WRITE  SWAPIN      IO    COMMAND
23:23:05  7903 ?sys lefv2603    0.00 K/s  417.41 K/s  0.00 %  0.00 % chromium-browser --type=utility --field-trial-handle=14439669780559766899,13009923511338301602,131072 --lang=en-GB --service-sandbox-type=network --disable-webrtc-apm-in-audio-service --shared-files=v8_snapshot_data:100
23:23:05 17854 ?sys root        0.00 K/s    3.39 K/s  0.00 %  0.00 % python3 /usr/sbin/iotop --batch --time --only --processes --kilobytes
23:23:05 17855 ?sys root        0.00 K/s    6.79 K/s  0.00 %  0.00 % segnet-camera --network=fcn-resnet18-deepscene
23:23:06 Total DISK READ :       0.00 K/s | Total DISK WRITE :       6.80 K/s
23:23:06 Actual DISK READ:       0.00 K/s | Actual DISK WRITE:       0.00 K/s
    TIME  PID  PRIO  USER     DISK READ  DISK WRITE  SWAPIN      IO    COMMAND
23:23:06 17854 ?sys root        0.00 K/s    3.40 K/s  0.00 %  0.00 % python3 /usr/sbin/iotop --batch --time --only --processes --kilobytes
23:23:06 17855 ?sys root        0.00 K/s    3.40 K/s  0.00 %  0.00 % segnet-camera --network=fcn-resnet18-deepscene
23:23:07 Total DISK READ :       0.00 K/s | Total DISK WRITE :      17.07 K/s
23:23:07 Actual DISK READ:       0.00 K/s | Actual DISK WRITE:       0.00 K/s
    TIME  PID  PRIO  USER     DISK READ  DISK WRITE  SWAPIN      IO    COMMAND
23:23:07  7866 ?sys lefv2603    0.00 K/s    6.83 K/s  0.00 %  0.00 % chromium-browser --enable-pinch
23:23:07 17855 ?sys root        0.00 K/s    6.83 K/s  0.00 %  0.00 % segnet-camera --network=fcn-resnet18-deepscene
23:23:07 17856 ?sys root        0.00 K/s    3.41 K/s  0.00 %  0.00 % free -m -s 1 -t -l
23:23:09 Total DISK READ :     815.83 K/s | Total DISK WRITE :       6.80 K/s
23:23:09 Actual DISK READ:     815.83 K/s | Actual DISK WRITE:       0.00 K/s
    TIME  PID  PRIO  USER     DISK READ  DISK WRITE  SWAPIN      IO    COMMAND
23:23:09  7866 ?sys lefv2603  815.83 K/s    0.00 K/s  0.00 %  0.15 % chromium-browser --enable-pinch
23:23:09 17855 ?sys root        0.00 K/s    3.40 K/s  0.00 %  0.00 % segnet-camera --network=fcn-resnet18-deepscene
23:23:09 17857 ?sys root        0.00 K/s    3.40 K/s  0.00 %  0.00 % tegrastats
23:23:10 Total DISK READ :       0.00 K/s | Total DISK WRITE :      30.70 K/s
23:23:10 Actual DISK READ:       0.00 K/s | Actual DISK WRITE:      57.98 K/s
    TIME  PID  PRIO  USER     DISK READ  DISK WRITE  SWAPIN      IO    COMMAND
23:23:10  1907 ?sys root        0.00 K/s   20.46 K/s  0.00 %  0.76 % [jbd2/mmcblk0p1-]
23:23:10  7866 ?sys lefv2603    0.00 K/s    3.41 K/s  0.00 %  0.00 % chromium-browser --enable-pinch
23:23:10 17855 ?sys root        0.00 K/s    6.82 K/s  0.00 %  0.00 % segnet-camera --network=fcn-resnet18-deepscene
23:23:11 Total DISK READ :       0.00 K/s | Total DISK WRITE :      17.03 K/s
23:23:11 Actual DISK READ:       0.00 K/s | Actual DISK WRITE:       0.00 K/s
    TIME  PID  PRIO  USER     DISK READ  DISK WRITE  SWAPIN      IO    COMMAND
23:23:11  7866 ?sys lefv2603    0.00 K/s   13.62 K/s  0.00 %  0.00 % chromium-browser --enable-pinch
23:23:11 17855 ?sys root        0.00 K/s    3.41 K/s  0.00 %  0.00 % segnet-camera --network=fcn-resnet18-deepscene
23:23:12 Total DISK READ :       0.00 K/s | Total DISK WRITE :      13.39 K/s
23:23:12 Actual DISK READ:       0.00 K/s | Actual DISK WRITE:       0.00 K/s
    TIME  PID  PRIO  USER     DISK READ  DISK WRITE  SWAPIN      IO    COMMAND
23:23:12  7866 ?sys lefv2603    0.00 K/s    6.70 K/s  0.00 %  0.00 % chromium-browser --enable-pinch
23:23:12 17855 ?sys root        0.00 K/s    6.70 K/s  0.00 %  0.00 % segnet-camera --network=fcn-resnet18-deepscene
23:23:13 Total DISK READ :       6.76 K/s | Total DISK WRITE :      43.95 K/s
23:23:13 Actual DISK READ:       6.76 K/s | Actual DISK WRITE:       0.00 K/s
    TIME  PID  PRIO  USER     DISK READ  DISK WRITE  SWAPIN      IO    COMMAND
23:23:13  7903 ?sys lefv2603    6.76 K/s    0.00 K/s  0.00 %  0.09 % chromium-browser --type=utility --field-trial-handle=14439669780559766899,13009923511338301602,131072 --lang=en-GB --service-sandbox-type=network --disable-webrtc-apm-in-audio-service --shared-files=v8_snapshot_data:100
23:23:13  7866 ?sys lefv2603    0.00 K/s   33.81 K/s  0.00 %  0.00 % chromium-browser --enable-pinch
23:23:13 17855 ?sys root        0.00 K/s    6.76 K/s  0.00 %  0.00 % segnet-camera --network=fcn-resnet18-deepscene
23:23:14 Total DISK READ :       0.00 K/s | Total DISK WRITE :      20.28 K/s
23:23:14 Actual DISK READ:       0.00 K/s | Actual DISK WRITE:      50.69 K/s
    TIME  PID  PRIO  USER     DISK READ  DISK WRITE  SWAPIN      IO    COMMAND
23:23:14  1907 ?sys root        0.00 K/s   10.14 K/s  0.00 %  0.73 % [jbd2/mmcblk0p1-]
23:23:14 17853 ?sys root        0.00 K/s    3.38 K/s  0.00 %  0.00 % python2 /usr/bin/dstat -gmrsty -c -C 0,1,2,3,total --output dstat.log
23:23:14 17854 ?sys root        0.00 K/s    3.38 K/s  0.00 %  0.00 % python3 /usr/sbin/iotop --batch --time --only --processes --kilobytes
23:23:14 17855 ?sys root        0.00 K/s    3.38 K/s  0.00 %  0.00 % segnet-camera --network=fcn-resnet18-deepscene
23:23:16 Total DISK READ :       0.00 K/s | Total DISK WRITE :      10.20 K/s
23:23:16 Actual DISK READ:       0.00 K/s | Actual DISK WRITE:       0.00 K/s
    TIME  PID  PRIO  USER     DISK READ  DISK WRITE  SWAPIN      IO    COMMAND
23:23:16  7866 ?sys lefv2603    0.00 K/s    3.40 K/s  0.00 %  0.00 % chromium-browser --enable-pinch
23:23:16 17855 ?sys root        0.00 K/s    6.80 K/s  0.00 %  0.00 % segnet-camera --network=fcn-resnet18-deepscene
23:23:17 Total DISK READ :       0.00 K/s | Total DISK WRITE :       3.42 K/s
23:23:17 Actual DISK READ:       0.00 K/s | Actual DISK WRITE:       0.00 K/s
    TIME  PID  PRIO  USER     DISK READ  DISK WRITE  SWAPIN      IO    COMMAND
23:23:17 17855 ?sys root        0.00 K/s    3.42 K/s  0.00 %  0.00 % segnet-camera --network=fcn-resnet18-deepscene
23:23:18 Total DISK READ :       0.00 K/s | Total DISK WRITE :      10.20 K/s
23:23:18 Actual DISK READ:       0.00 K/s | Actual DISK WRITE:       0.00 K/s
    TIME  PID  PRIO  USER     DISK READ  DISK WRITE  SWAPIN      IO    COMMAND
23:23:18  7866 ?sys lefv2603    0.00 K/s    3.40 K/s  0.00 %  0.00 % chromium-browser --enable-pinch
23:23:18 17855 ?sys root        0.00 K/s    6.80 K/s  0.00 %  0.00 % segnet-camera --network=fcn-resnet18-deepscene
23:23:19 Total DISK READ :     974.38 K/s | Total DISK WRITE :       3.38 K/s
23:23:19 Actual DISK READ:     974.38 K/s | Actual DISK WRITE:       0.00 K/s
    TIME  PID  PRIO  USER     DISK READ  DISK WRITE  SWAPIN      IO    COMMAND
23:23:19     1 ?sys root      595.45 K/s    0.00 K/s  0.00 %  3.13 % init 2
23:23:19  2697 ?sys root      284.19 K/s    0.00 K/s  0.00 %  2.10 % systemd-udevd
23:23:19  3749 ?sys root       94.73 K/s    0.00 K/s  0.00 %  0.85 % systemd-logind
23:23:19 17855 ?sys root        0.00 K/s    3.38 K/s  0.00 %  0.00 % segnet-camera --network=fcn-resnet18-deepscene
23:23:20 Total DISK READ :       0.00 K/s | Total DISK WRITE :      10.22 K/s
23:23:20 Actual DISK READ:       0.00 K/s | Actual DISK WRITE:      30.66 K/s
    TIME  PID  PRIO  USER     DISK READ  DISK WRITE  SWAPIN      IO    COMMAND
23:23:20  1907 ?sys root        0.00 K/s    0.00 K/s  0.00 %  0.71 % [jbd2/mmcblk0p1-]
23:23:20 17855 ?sys root        0.00 K/s    6.81 K/s  0.00 %  0.00 % segnet-camera --network=fcn-resnet18-deepscene
23:23:20 17856 ?sys root        0.00 K/s    3.41 K/s  0.00 %  0.00 % free -m -s 1 -t -l
23:23:22 Total DISK READ :       0.00 K/s | Total DISK WRITE :       3.41 K/s
23:23:22 Actual DISK READ:       0.00 K/s | Actual DISK WRITE:       0.00 K/s
    TIME  PID  PRIO  USER     DISK READ  DISK WRITE  SWAPIN      IO    COMMAND
23:23:22 17855 ?sys root        0.00 K/s    3.41 K/s  0.00 %  0.00 % segnet-camera --network=fcn-resnet18-deepscene
23:23:23 Total DISK READ :      75.29 K/s | Total DISK WRITE :      10.27 K/s
23:23:23 Actual DISK READ:      75.29 K/s | Actual DISK WRITE:       0.00 K/s
    TIME  PID  PRIO  USER     DISK READ  DISK WRITE  SWAPIN      IO    COMMAND
23:23:23  6264 ?sys gdm        75.29 K/s    0.00 K/s  0.00 %  0.15 % gsd-power
23:23:23 17855 ?sys root        0.00 K/s    6.84 K/s  0.00 %  0.00 % segnet-camera --network=fcn-resnet18-deepscene
23:23:23 17857 ?sys root        0.00 K/s    3.42 K/s  0.00 %  0.00 % tegrastats
23:23:24 Total DISK READ :       0.00 K/s | Total DISK WRITE :       6.81 K/s
23:23:24 Actual DISK READ:       0.00 K/s | Actual DISK WRITE:       0.00 K/s
    TIME  PID  PRIO  USER     DISK READ  DISK WRITE  SWAPIN      IO    COMMAND
23:23:24 17854 ?sys root        0.00 K/s    3.41 K/s  0.00 %  0.00 % python3 /usr/sbin/iotop --batch --time --only --processes --kilobytes
23:23:24 17855 ?sys root        0.00 K/s    3.41 K/s  0.00 %  0.00 % segnet-camera --network=fcn-resnet18-deepscene
23:23:25 Total DISK READ :       0.00 K/s | Total DISK WRITE :      13.64 K/s
23:23:25 Actual DISK READ:       0.00 K/s | Actual DISK WRITE:      23.87 K/s
    TIME  PID  PRIO  USER     DISK READ  DISK WRITE  SWAPIN      IO    COMMAND
23:23:25  1907 ?sys root        0.00 K/s    0.00 K/s  0.00 %  0.68 % [jbd2/mmcblk0p1-]
23:23:25  7866 ?sys lefv2603    0.00 K/s    6.82 K/s  0.00 %  0.00 % chromium-browser --enable-pinch
23:23:25 17855 ?sys root        0.00 K/s    6.82 K/s  0.00 %  0.00 % segnet-camera --network=fcn-resnet18-deepscene
23:23:25  6569 ?sys root        0.00 K/s    0.00 K/s  0.00 %  0.00 % Xorg vt2 -displayfd 3 -auth /run/user/1000/gdm/Xauthority -background none -noreset -keeptty -verbose 3
23:23:26 Total DISK READ :       0.00 K/s | Total DISK WRITE :      54.05 K/s
23:23:26 Actual DISK READ:       0.00 K/s | Actual DISK WRITE:       0.00 K/s
    TIME  PID  PRIO  USER     DISK READ  DISK WRITE  SWAPIN      IO    COMMAND
23:23:26  7866 ?sys lefv2603    0.00 K/s   50.67 K/s  0.00 %  0.00 % chromium-browser --enable-pinch
23:23:26 17855 ?sys root        0.00 K/s    3.38 K/s  0.00 %  0.00 % segnet-camera --network=fcn-resnet18-deepscene
23:23:26  6569 ?sys root        0.00 K/s    0.00 K/s  0.00 %  0.00 % Xorg vt2 -displayfd 3 -auth /run/user/1000/gdm/Xauthority -background none -noreset -keeptty -verbose 3
23:23:27 Total DISK READ :       0.00 K/s | Total DISK WRITE :       6.56 K/s
23:23:27 Actual DISK READ:       0.00 K/s | Actual DISK WRITE:       0.00 K/s
    TIME  PID  PRIO  USER     DISK READ  DISK WRITE  SWAPIN      IO    COMMAND
23:23:27 17855 ?sys root        0.00 K/s    6.56 K/s  0.00 %  0.00 % segnet-camera --network=fcn-resnet18-deepscene
23:23:27  6569 ?sys root        0.00 K/s    0.00 K/s  0.00 %  0.00 % Xorg vt2 -displayfd 3 -auth /run/user/1000/gdm/Xauthority -background none -noreset -keeptty -verbose 3
23:23:29 Total DISK READ :       0.00 K/s | Total DISK WRITE :       3.38 K/s
23:23:29 Actual DISK READ:       0.00 K/s | Actual DISK WRITE:       0.00 K/s
    TIME  PID  PRIO  USER     DISK READ  DISK WRITE  SWAPIN      IO    COMMAND
23:23:29 17855 ?sys root        0.00 K/s    3.38 K/s  0.00 %  0.00 % segnet-camera --network=fcn-resnet18-deepscene
