RAM 2565/3956MB (lfb 1x4MB) SWAP 1326/1978MB (cached 6MB) IRAM 0/252kB(lfb 252kB) CPU [24%@1479,5%@1479,12%@1479,19%@1479] EMC_FREQ 2%@1600 GR3D_FREQ 0%@921 APE 25 PLL@28.5C CPU@30C PMIC@100C GPU@30C AO@39C thermal@30.25C POM_5V_IN 2567/2567 POM_5V_GPU 165/165 POM_5V_CPU 496/496
RAM 2586/3956MB (lfb 1x4MB) SWAP 1326/1978MB (cached 6MB) IRAM 0/252kB(lfb 252kB) CPU [6%@1479,40%@1479,7%@1479,3%@1479] EMC_FREQ 2%@1600 GR3D_FREQ 0%@921 APE 25 PLL@28.5C CPU@30.5C PMIC@100C GPU@30C AO@39C thermal@30C POM_5V_IN 2446/2506 POM_5V_GPU 165/165 POM_5V_CPU 414/455
RAM 2615/3956MB (lfb 1x4MB) SWAP 1326/1978MB (cached 6MB) IRAM 0/252kB(lfb 252kB) CPU [9%@1479,23%@1479,5%@1479,1%@1479] EMC_FREQ 2%@1600 GR3D_FREQ 0%@921 APE 25 PLL@28.5C CPU@30.5C PMIC@100C GPU@30C AO@39C thermal@30C POM_5V_IN 2484/2499 POM_5V_GPU 165/165 POM_5V_CPU 372/427
RAM 2651/3956MB (lfb 1x4MB) SWAP 1326/1978MB (cached 6MB) IRAM 0/252kB(lfb 252kB) CPU [13%@1479,19%@1479,8%@1479,8%@1479] EMC_FREQ 2%@1600 GR3D_FREQ 1%@921 APE 25 PLL@28.5C CPU@30.5C PMIC@100C GPU@30C AO@39C thermal@30.5C POM_5V_IN 2525/2505 POM_5V_GPU 165/165 POM_5V_CPU 455/434
RAM 2705/3956MB (lfb 1x4MB) SWAP 1326/1978MB (cached 6MB) IRAM 0/252kB(lfb 252kB) CPU [12%@1479,31%@1479,27%@1479,4%@1479] EMC_FREQ 3%@1600 GR3D_FREQ 0%@921 APE 25 PLL@29C CPU@30.5C PMIC@100C GPU@30C AO@39C thermal@30.25C POM_5V_IN 3132/2630 POM_5V_GPU 206/173 POM_5V_CPU 1112/569
RAM 2745/3956MB (lfb 1x4MB) SWAP 1326/1978MB (cached 6MB) IRAM 0/252kB(lfb 252kB) CPU [17%@1479,14%@1479,8%@1479,2%@1479] EMC_FREQ 3%@1600 GR3D_FREQ 0%@921 APE 25 PLL@28.5C CPU@31.5C PMIC@100C GPU@30C AO@39C thermal@30.25C POM_5V_IN 3054/2701 POM_5V_GPU 165/171 POM_5V_CPU 989/639
RAM 2812/3956MB (lfb 1x4MB) SWAP 1326/1978MB (cached 6MB) IRAM 0/252kB(lfb 252kB) CPU [14%@1479,25%@1479,12%@1479,3%@1479] EMC_FREQ 3%@1600 GR3D_FREQ 0%@921 APE 25 PLL@28.5C CPU@30.5C PMIC@100C GPU@29.5C AO@39C thermal@30.25C POM_5V_IN 2567/2682 POM_5V_GPU 165/170 POM_5V_CPU 455/613
RAM 2853/3956MB (lfb 1x4MB) SWAP 1326/1978MB (cached 6MB) IRAM 0/252kB(lfb 252kB) CPU [58%@1479,9%@1479,15%@1479,1%@1479] EMC_FREQ 3%@1600 GR3D_FREQ 0%@921 APE 25 PLL@29C CPU@30C PMIC@100C GPU@30C AO@39.5C thermal@30.75C POM_5V_IN 2484/2657 POM_5V_GPU 165/170 POM_5V_CPU 372/583
RAM 2874/3956MB (lfb 1x4MB) SWAP 1326/1978MB (cached 6MB) IRAM 0/252kB(lfb 252kB) CPU [12%@1479,18%@1479,17%@1479,4%@1479] EMC_FREQ 3%@1600 GR3D_FREQ 0%@921 APE 25 PLL@28.5C CPU@30.5C PMIC@100C GPU@30C AO@39.5C thermal@30.25C POM_5V_IN 2567/2647 POM_5V_GPU 165/169 POM_5V_CPU 496/573
RAM 2937/3956MB (lfb 30x256kB) SWAP 1326/1978MB (cached 6MB) IRAM 0/252kB(lfb 252kB) CPU [39%@1479,16%@1479,27%@1479,9%@1479] EMC_FREQ 3%@1600 GR3D_FREQ 5%@921 APE 25 PLL@28.5C CPU@30.5C PMIC@100C GPU@30C AO@39.5C thermal@30.25C POM_5V_IN 3173/2699 POM_5V_GPU 288/181 POM_5V_CPU 947/610
RAM 2965/3956MB (lfb 57x128kB) SWAP 1326/1978MB (cached 6MB) IRAM 0/252kB(lfb 252kB) CPU [45%@1479,38%@1479,28%@1479,34%@1479] EMC_FREQ 4%@1600 GR3D_FREQ 0%@921 APE 25 PLL@29C CPU@30.5C PMIC@100C GPU@30C AO@39.5C thermal@30.25C POM_5V_IN 2894/2717 POM_5V_GPU 206/183 POM_5V_CPU 784/626
RAM 2951/3956MB (lfb 1x1MB) SWAP 1326/1978MB (cached 6MB) IRAM 0/252kB(lfb 252kB) CPU [31%@1479,9%@1479,17%@1479,20%@1479] EMC_FREQ 4%@1600 GR3D_FREQ 0%@921 APE 25 PLL@28.5C CPU@31C PMIC@100C GPU@30C AO@39.5C thermal@30.25C POM_5V_IN 2650/2711 POM_5V_GPU 165/182 POM_5V_CPU 538/619
RAM 2946/3956MB (lfb 61x128kB) SWAP 1326/1978MB (cached 6MB) IRAM 0/252kB(lfb 252kB) CPU [30%@1479,11%@1479,11%@1479,25%@1479] EMC_FREQ 4%@1600 GR3D_FREQ 0%@921 APE 25 PLL@29C CPU@31.5C PMIC@100C GPU@30C AO@39.5C thermal@30.25C POM_5V_IN 3256/2753 POM_5V_GPU 206/183 POM_5V_CPU 1154/660
RAM 2956/3956MB (lfb 1x256kB) SWAP 1326/1978MB (cached 6MB) IRAM 0/252kB(lfb 252kB) CPU [33%@1479,12%@1479,10%@1479,14%@1479] EMC_FREQ 3%@1600 GR3D_FREQ 1%@921 APE 25 PLL@29C CPU@30.5C PMIC@100C GPU@30C AO@39.5C thermal@30.5C POM_5V_IN 3333/2795 POM_5V_GPU 205/185 POM_5V_CPU 1234/701
RAM 2919/3956MB (lfb 91x256kB) SWAP 1326/1978MB (cached 6MB) IRAM 0/252kB(lfb 252kB) CPU [24%@1479,21%@1479,17%@1479,20%@1479] EMC_FREQ 4%@1600 GR3D_FREQ 12%@921 APE 25 PLL@29C CPU@32C PMIC@100C GPU@30C AO@39.5C thermal@30.25C POM_5V_IN 3739/2858 POM_5V_GPU 369/197 POM_5V_CPU 1353/744
RAM 3022/3956MB (lfb 7x512kB) SWAP 1326/1978MB (cached 6MB) IRAM 0/252kB(lfb 252kB) CPU [43%@1479,32%@1479,41%@1479,50%@1479] EMC_FREQ 5%@1600 GR3D_FREQ 0%@921 APE 25 PLL@29.5C CPU@31.5C PMIC@100C GPU@30C AO@39.5C thermal@30.5C POM_5V_IN 3938/2925 POM_5V_GPU 163/195 POM_5V_CPU 1556/795
RAM 3244/3956MB (lfb 7x512kB) SWAP 1359/1978MB (cached 5MB) IRAM 0/252kB(lfb 252kB) CPU [37%@1479,69%@1479,36%@1479,73%@1479] EMC_FREQ 8%@1600 GR3D_FREQ 0%@921 APE 25 PLL@29C CPU@31.5C PMIC@100C GPU@30.5C AO@40C thermal@30.5C POM_5V_IN 3973/2987 POM_5V_GPU 983/241 POM_5V_CPU 532/779
RAM 3327/3956MB (lfb 1x2MB) SWAP 1360/1978MB (cached 4MB) IRAM 0/252kB(lfb 252kB) CPU [39%@1479,28%@1479,26%@1479,31%@1479] EMC_FREQ 13%@1600 GR3D_FREQ 99%@921 APE 25 PLL@29.5C CPU@32.5C PMIC@100C GPU@31.5C AO@40C thermal@32.5C POM_5V_IN 5080/3103 POM_5V_GPU 1785/327 POM_5V_CPU 690/774
RAM 3330/3956MB (lfb 1x2MB) SWAP 1358/1978MB (cached 5MB) IRAM 0/252kB(lfb 252kB) CPU [17%@1479,33%@1479,19%@1479,14%@1479] EMC_FREQ 18%@1600 GR3D_FREQ 99%@921 APE 25 PLL@30C CPU@32.5C PMIC@100C GPU@31.5C AO@40C thermal@32.5C POM_5V_IN 5315/3219 POM_5V_GPU 1744/402 POM_5V_CPU 730/772
RAM 3328/3956MB (lfb 1x2MB) SWAP 1357/1978MB (cached 5MB) IRAM 0/252kB(lfb 252kB) CPU [32%@1479,23%@1479,18%@1479,18%@1479] EMC_FREQ 22%@1600 GR3D_FREQ 99%@921 APE 25 PLL@30C CPU@32.5C PMIC@100C GPU@31.5C AO@40.5C thermal@32.25C POM_5V_IN 7011/3409 POM_5V_GPU 2680/516 POM_5V_CPU 1360/801
RAM 3332/3956MB (lfb 1x2MB) SWAP 1360/1978MB (cached 5MB) IRAM 0/252kB(lfb 252kB) CPU [31%@1479,26%@1479,26%@1479,11%@1479] EMC_FREQ 24%@1600 GR3D_FREQ 99%@921 APE 25 PLL@30C CPU@32.5C PMIC@100C GPU@31.5C AO@40.5C thermal@31.75C POM_5V_IN 6168/3540 POM_5V_GPU 2777/623 POM_5V_CPU 604/792
RAM 3330/3956MB (lfb 1x2MB) SWAP 1360/1978MB (cached 5MB) IRAM 0/252kB(lfb 252kB) CPU [35%@1479,20%@1479,27%@1479,23%@1479] EMC_FREQ 26%@1600 GR3D_FREQ 95%@921 APE 25 PLL@30C CPU@33C PMIC@100C GPU@32C AO@40.5C thermal@31.75C POM_5V_IN 5080/3610 POM_5V_GPU 1706/672 POM_5V_CPU 650/786
RAM 3330/3956MB (lfb 1x2MB) SWAP 1363/1978MB (cached 5MB) IRAM 0/252kB(lfb 252kB) CPU [35%@1479,12%@1479,16%@1479,12%@1479] EMC_FREQ 27%@1600 GR3D_FREQ 99%@921 APE 25 PLL@30C CPU@32.5C PMIC@100C GPU@32C AO@40.5C thermal@32C POM_5V_IN 5039/3672 POM_5V_GPU 1747/719 POM_5V_CPU 609/778
RAM 3330/3956MB (lfb 1x2MB) SWAP 1363/1978MB (cached 5MB) IRAM 0/252kB(lfb 252kB) CPU [38%@1479,23%@1479,20%@1479,17%@1479] EMC_FREQ 28%@1600 GR3D_FREQ 99%@921 APE 25 PLL@30C CPU@33C PMIC@100C GPU@32C AO@40.5C thermal@32.5C POM_5V_IN 5193/3736 POM_5V_GPU 1947/770 POM_5V_CPU 689/774
RAM 3330/3956MB (lfb 1x2MB) SWAP 1363/1978MB (cached 5MB) IRAM 0/252kB(lfb 252kB) CPU [22%@1479,14%@1479,34%@1479,13%@1479] EMC_FREQ 28%@1600 GR3D_FREQ 97%@921 APE 25 PLL@30C CPU@33.5C PMIC@100C GPU@32C AO@40.5C thermal@32.25C POM_5V_IN 5784/3818 POM_5V_GPU 2386/835 POM_5V_CPU 687/771
RAM 3330/3956MB (lfb 1x2MB) SWAP 1363/1978MB (cached 5MB) IRAM 0/252kB(lfb 252kB) CPU [16%@1479,17%@1479,30%@1479,14%@1479] EMC_FREQ 28%@1600 GR3D_FREQ 99%@921 APE 25 PLL@30.5C CPU@33.5C PMIC@100C GPU@32.5C AO@41C thermal@32.5C POM_5V_IN 6168/3908 POM_5V_GPU 2298/891 POM_5V_CPU 1209/787
RAM 3325/3956MB (lfb 1x2MB) SWAP 1366/1978MB (cached 5MB) IRAM 0/252kB(lfb 252kB) CPU [24%@1479,22%@1479,18%@1479,27%@1479] EMC_FREQ 29%@1600 GR3D_FREQ 98%@921 APE 25 PLL@30.5C CPU@34C PMIC@100C GPU@32.5C AO@40.5C thermal@32.5C POM_5V_IN 6931/4020 POM_5V_GPU 2724/959 POM_5V_CPU 1362/809
RAM 3327/3956MB (lfb 1x2MB) SWAP 1379/1978MB (cached 4MB) IRAM 0/252kB(lfb 252kB) CPU [18%@1479,34%@1479,34%@1479,14%@1479] EMC_FREQ 29%@1600 GR3D_FREQ 99%@921 APE 25 PLL@30.5C CPU@33C PMIC@100C GPU@32.5C AO@40.5C thermal@33C POM_5V_IN 5896/4087 POM_5V_GPU 2382/1010 POM_5V_CPU 807/809
RAM 3329/3956MB (lfb 1x2MB) SWAP 1379/1978MB (cached 4MB) IRAM 0/252kB(lfb 252kB) CPU [28%@1479,37%@1479,42%@1479,28%@1479] EMC_FREQ 29%@1600 GR3D_FREQ 99%@921 APE 25 PLL@31C CPU@34C PMIC@100C GPU@32.5C AO@41C thermal@33.25C POM_5V_IN 7011/4188 POM_5V_GPU 2680/1067 POM_5V_CPU 1442/830
RAM 3326/3956MB (lfb 1x2MB) SWAP 1407/1978MB (cached 4MB) IRAM 0/252kB(lfb 252kB) CPU [29%@1479,45%@1479,32%@1479,36%@1479] EMC_FREQ 29%@1600 GR3D_FREQ 87%@921 APE 25 PLL@31C CPU@34C PMIC@100C GPU@32.5C AO@41C thermal@32.5C POM_5V_IN 6701/4271 POM_5V_GPU 1926/1096 POM_5V_CPU 1883/866
RAM 3326/3956MB (lfb 1x2MB) SWAP 1414/1978MB (cached 4MB) IRAM 0/252kB(lfb 252kB) CPU [25%@1479,32%@1479,23%@1479,20%@1479] EMC_FREQ 29%@1600 GR3D_FREQ 99%@921 APE 25 PLL@31C CPU@33C PMIC@100C GPU@32C AO@41C thermal@32.5C POM_5V_IN 4998/4295 POM_5V_GPU 1747/1117 POM_5V_CPU 650/859
RAM 3327/3956MB (lfb 1x2MB) SWAP 1414/1978MB (cached 4MB) IRAM 0/252kB(lfb 252kB) CPU [14%@1479,25%@1479,11%@1479,14%@1479] EMC_FREQ 29%@1600 GR3D_FREQ 99%@921 APE 25 PLL@30.5C CPU@33C PMIC@100C GPU@32.5C AO@41C thermal@32.5C POM_5V_IN 5039/4318 POM_5V_GPU 1747/1137 POM_5V_CPU 650/852
RAM 3327/3956MB (lfb 1x2MB) SWAP 1414/1978MB (cached 4MB) IRAM 0/252kB(lfb 252kB) CPU [19%@1479,28%@1479,24%@1479,15%@1479] EMC_FREQ 29%@1600 GR3D_FREQ 99%@921 APE 25 PLL@31C CPU@33.5C PMIC@100C GPU@32C AO@41C thermal@32.5C POM_5V_IN 5509/4354 POM_5V_GPU 1742/1155 POM_5V_CPU 1253/864
RAM 3328/3956MB (lfb 1x2MB) SWAP 1414/1978MB (cached 4MB) IRAM 0/252kB(lfb 252kB) CPU [14%@1479,12%@1479,12%@1479,11%@1479] EMC_FREQ 29%@1600 GR3D_FREQ 99%@921 APE 25 PLL@30.5C CPU@33C PMIC@100C GPU@32C AO@41C thermal@32.75C POM_5V_IN 4803/4367 POM_5V_GPU 1750/1172 POM_5V_CPU 569/855
RAM 3327/3956MB (lfb 1x2MB) SWAP 1414/1978MB (cached 4MB) IRAM 0/252kB(lfb 252kB) CPU [20%@1479,36%@1479,20%@1479,21%@1479] EMC_FREQ 29%@1600 GR3D_FREQ 99%@921 APE 25 PLL@30.5C CPU@33.5C PMIC@100C GPU@32.5C AO@41C thermal@32.75C POM_5V_IN 4965/4384 POM_5V_GPU 1910/1193 POM_5V_CPU 569/847
RAM 3326/3956MB (lfb 1x2MB) SWAP 1414/1978MB (cached 4MB) IRAM 0/252kB(lfb 252kB) CPU [24%@1479,31%@1479,23%@1479,22%@1479] EMC_FREQ 29%@1600 GR3D_FREQ 99%@921 APE 25 PLL@31C CPU@34C PMIC@100C GPU@32.5C AO@41.5C thermal@33.5C POM_5V_IN 5743/4422 POM_5V_GPU 1981/1215 POM_5V_CPU 1092/854
RAM 3325/3956MB (lfb 1x2MB) SWAP 1414/1978MB (cached 4MB) IRAM 0/252kB(lfb 252kB) CPU [13%@1479,15%@1479,18%@1479,29%@1479] EMC_FREQ 29%@1600 GR3D_FREQ 99%@921 APE 25 PLL@30.5C CPU@33.5C PMIC@100C GPU@33C AO@41C thermal@33C POM_5V_IN 5161/4442 POM_5V_GPU 1950/1235 POM_5V_CPU 650/849
RAM 3325/3956MB (lfb 1x2MB) SWAP 1413/1978MB (cached 4MB) IRAM 0/252kB(lfb 252kB) CPU [15%@1479,12%@1479,20%@1479,31%@1479] EMC_FREQ 29%@1600 GR3D_FREQ 99%@921 APE 25 PLL@31C CPU@33.5C PMIC@100C GPU@32.5C AO@41C thermal@33C POM_5V_IN 5047/4458 POM_5V_GPU 1950/1254 POM_5V_CPU 690/844
RAM 3326/3956MB (lfb 1x2MB) SWAP 1413/1978MB (cached 4MB) IRAM 0/252kB(lfb 252kB) CPU [13%@1479,12%@1479,15%@1479,24%@1479] EMC_FREQ 29%@1600 GR3D_FREQ 99%@921 APE 25 PLL@30.5C CPU@34.5C PMIC@100C GPU@33C AO@41.5C thermal@33.25C POM_5V_IN 5039/4473 POM_5V_GPU 1869/1270 POM_5V_CPU 650/839
RAM 3325/3956MB (lfb 1x2MB) SWAP 1413/1978MB (cached 4MB) IRAM 0/252kB(lfb 252kB) CPU [16%@1479,11%@1479,16%@1479,25%@1479] EMC_FREQ 29%@1600 GR3D_FREQ 99%@921 APE 25 PLL@31.5C CPU@34C PMIC@100C GPU@32.5C AO@41.5C thermal@33.25C POM_5V_IN 5631/4502 POM_5V_GPU 1901/1286 POM_5V_CPU 1172/848
RAM 3325/3956MB (lfb 1x2MB) SWAP 1413/1978MB (cached 4MB) IRAM 0/252kB(lfb 252kB) CPU [24%@1479,14%@1479,21%@1479,16%@1479] EMC_FREQ 29%@1600 GR3D_FREQ 99%@921 APE 25 PLL@31C CPU@34.5C PMIC@100C GPU@33C AO@41.5C thermal@33.25C POM_5V_IN 5274/4521 POM_5V_GPU 1947/1302 POM_5V_CPU 689/844
RAM 3325/3956MB (lfb 1x2MB) SWAP 1413/1978MB (cached 4MB) IRAM 0/252kB(lfb 252kB) CPU [23%@1479,26%@1479,31%@1479,25%@1479] EMC_FREQ 29%@1600 GR3D_FREQ 99%@921 APE 25 PLL@31C CPU@34C PMIC@100C GPU@33C AO@41C thermal@33C POM_5V_IN 5509/4544 POM_5V_GPU 2187/1323 POM_5V_CPU 607/838
RAM 3325/3956MB (lfb 1x2MB) SWAP 1413/1978MB (cached 4MB) IRAM 0/252kB(lfb 252kB) CPU [17%@1479,16%@1479,19%@1479,31%@1479] EMC_FREQ 29%@1600 GR3D_FREQ 99%@921 APE 25 PLL@31C CPU@34C PMIC@100C GPU@32.5C AO@41.5C thermal@33.25C POM_5V_IN 5242/4560 POM_5V_GPU 2069/1340 POM_5V_CPU 568/832
RAM 3325/3956MB (lfb 1x2MB) SWAP 1413/1978MB (cached 4MB) IRAM 0/252kB(lfb 252kB) CPU [28%@1479,41%@1479,34%@1479,24%@1479] EMC_FREQ 30%@1600 GR3D_FREQ 99%@921 APE 25 PLL@31C CPU@34C PMIC@100C GPU@33C AO@41.5C thermal@33C POM_5V_IN 6360/4601 POM_5V_GPU 2777/1373 POM_5V_CPU 805/831
RAM 3326/3956MB (lfb 1x2MB) SWAP 1413/1978MB (cached 4MB) IRAM 0/252kB(lfb 252kB) CPU [15%@1479,29%@1479,20%@1479,17%@1479] EMC_FREQ 30%@1600 GR3D_FREQ 99%@921 APE 25 PLL@31C CPU@34C PMIC@100C GPU@33.5C AO@41.5C thermal@33C POM_5V_IN 6168/4636 POM_5V_GPU 2822/1405 POM_5V_CPU 564/825
RAM 3325/3956MB (lfb 1x2MB) SWAP 1413/1978MB (cached 4MB) IRAM 0/252kB(lfb 252kB) CPU [31%@1479,25%@1479,31%@1479,32%@1479] EMC_FREQ 30%@1600 GR3D_FREQ 99%@921 APE 25 PLL@31.5C CPU@34.5C PMIC@100C GPU@33C AO@41.5C thermal@33.5C POM_5V_IN 6470/4676 POM_5V_GPU 2451/1428 POM_5V_CPU 1286/835
RAM 3326/3956MB (lfb 1x2MB) SWAP 1413/1978MB (cached 4MB) IRAM 0/252kB(lfb 252kB) CPU [26%@1479,28%@1479,24%@1479,33%@1479] EMC_FREQ 30%@1600 GR3D_FREQ 90%@921 APE 25 PLL@31.5C CPU@34C PMIC@100C GPU@33C AO@41.5C thermal@34C POM_5V_IN 5356/4690 POM_5V_GPU 1704/1433 POM_5V_CPU 973/838
RAM 3320/3956MB (lfb 1x2MB) SWAP 1427/1978MB (cached 4MB) IRAM 0/252kB(lfb 252kB) CPU [25%@1479,26%@1479,18%@1479,28%@1479] EMC_FREQ 30%@1600 GR3D_FREQ 99%@921 APE 25 PLL@31C CPU@34C PMIC@100C GPU@32.5C AO@41.5C thermal@34.25C POM_5V_IN 4965/4696 POM_5V_GPU 1747/1440 POM_5V_CPU 569/833
RAM 3321/3956MB (lfb 1x2MB) SWAP 1427/1978MB (cached 4MB) IRAM 0/252kB(lfb 252kB) CPU [28%@1479,26%@1479,21%@1479,29%@1479] EMC_FREQ 30%@1600 GR3D_FREQ 99%@921 APE 25 PLL@31.5C CPU@34.5C PMIC@100C GPU@33.5C AO@42C thermal@34C POM_5V_IN 5437/4711 POM_5V_GPU 1782/1447 POM_5V_CPU 1012/836
RAM 3323/3956MB (lfb 1x2MB) SWAP 1427/1978MB (cached 4MB) IRAM 0/252kB(lfb 252kB) CPU [13%@1479,16%@1479,15%@1479,30%@1479] EMC_FREQ 29%@1600 GR3D_FREQ 99%@921 APE 25 PLL@31C CPU@34C PMIC@100C GPU@33C AO@41.5C thermal@34C POM_5V_IN 4843/4714 POM_5V_GPU 1790/1454 POM_5V_CPU 569/831
RAM 3324/3956MB (lfb 1x2MB) SWAP 1427/1978MB (cached 4MB) IRAM 0/252kB(lfb 252kB) CPU [15%@1479,20%@1479,15%@1479,24%@1479] EMC_FREQ 29%@1600 GR3D_FREQ 99%@921 APE 25 PLL@31C CPU@33.5C PMIC@100C GPU@32.5C AO@41.5C thermal@34C POM_5V_IN 4884/4717 POM_5V_GPU 1788/1460 POM_5V_CPU 568/826
RAM 3322/3956MB (lfb 1x2MB) SWAP 1427/1978MB (cached 4MB) IRAM 0/252kB(lfb 252kB) CPU [18%@1479,23%@1479,31%@1479,23%@1479] EMC_FREQ 29%@1600 GR3D_FREQ 99%@921 APE 25 PLL@31C CPU@34.5C PMIC@100C GPU@33.5C AO@42C thermal@33.75C POM_5V_IN 5315/4729 POM_5V_GPU 1825/1467 POM_5V_CPU 892/827
RAM 3323/3956MB (lfb 1x2MB) SWAP 1427/1978MB (cached 4MB) IRAM 0/252kB(lfb 252kB) CPU [26%@1479,24%@1479,36%@1479,18%@1479] EMC_FREQ 30%@1600 GR3D_FREQ 99%@921 APE 25 PLL@31.5C CPU@35.5C PMIC@100C GPU@34C AO@42C thermal@34.5C POM_5V_IN 5976/4752 POM_5V_GPU 2140/1480 POM_5V_CPU 1251/835
RAM 3320/3956MB (lfb 1x2MB) SWAP 1427/1978MB (cached 4MB) IRAM 0/252kB(lfb 252kB) CPU [17%@1479,20%@1479,26%@1479,23%@1479] EMC_FREQ 30%@1600 GR3D_FREQ 96%@921 APE 25 PLL@31C CPU@34.5C PMIC@100C GPU@33.5C AO@42C thermal@34.5C POM_5V_IN 5896/4773 POM_5V_GPU 2544/1500 POM_5V_CPU 646/831
RAM 3320/3956MB (lfb 1x2MB) SWAP 1427/1978MB (cached 4MB) IRAM 0/252kB(lfb 252kB) CPU [25%@1479,32%@1479,37%@1479,17%@1479] EMC_FREQ 30%@1600 GR3D_FREQ 99%@921 APE 25 PLL@31.5C CPU@34C PMIC@100C GPU@33C AO@42C thermal@34C POM_5V_IN 6551/4806 POM_5V_GPU 2773/1523 POM_5V_CPU 1003/835
RAM 3320/3956MB (lfb 1x2MB) SWAP 1427/1978MB (cached 4MB) IRAM 0/252kB(lfb 252kB) CPU [35%@1479,18%@1479,20%@1479,26%@1479] EMC_FREQ 30%@1600 GR3D_FREQ 99%@921 APE 25 PLL@31.5C CPU@34C PMIC@100C GPU@33.5C AO@42C thermal@34C POM_5V_IN 5622/4820 POM_5V_GPU 2386/1538 POM_5V_CPU 525/829
RAM 3321/3956MB (lfb 1x2MB) SWAP 1427/1978MB (cached 4MB) IRAM 0/252kB(lfb 252kB) CPU [26%@1479,18%@1479,18%@1479,16%@1479] EMC_FREQ 29%@1600 GR3D_FREQ 99%@921 APE 25 PLL@31.5C CPU@34.5C PMIC@100C GPU@33.5C AO@42C thermal@34C POM_5V_IN 5864/4839 POM_5V_GPU 2503/1555 POM_5V_CPU 605/825
RAM 3321/3956MB (lfb 1x2MB) SWAP 1427/1978MB (cached 4MB) IRAM 0/252kB(lfb 252kB) CPU [35%@1479,18%@1479,23%@1479,21%@1479] EMC_FREQ 30%@1600 GR3D_FREQ 93%@921 APE 25 PLL@31.5C CPU@34.5C PMIC@100C GPU@33.5C AO@42C thermal@34.5C POM_5V_IN 5080/4843 POM_5V_GPU 1706/1558 POM_5V_CPU 690/823
RAM 3320/3956MB (lfb 1x2MB) SWAP 1427/1978MB (cached 4MB) IRAM 0/252kB(lfb 252kB) CPU [29%@1479,15%@1479,15%@1479,17%@1479] EMC_FREQ 29%@1600 GR3D_FREQ 95%@921 APE 25 PLL@31.5C CPU@35C PMIC@100C GPU@33.5C AO@42.5C thermal@34C POM_5V_IN 5315/4851 POM_5V_GPU 1704/1560 POM_5V_CPU 852/823
RAM 3321/3956MB (lfb 1x2MB) SWAP 1427/1978MB (cached 4MB) IRAM 0/252kB(lfb 252kB) CPU [17%@1479,15%@1479,24%@1479,16%@1479] EMC_FREQ 29%@1600 GR3D_FREQ 99%@921 APE 25 PLL@32C CPU@35.5C PMIC@100C GPU@34C AO@42.5C thermal@34C POM_5V_IN 5509/4862 POM_5V_GPU 1782/1564 POM_5V_CPU 1174/829
RAM 3320/3956MB (lfb 1x2MB) SWAP 1427/1978MB (cached 4MB) IRAM 0/252kB(lfb 252kB) CPU [20%@1479,15%@1479,29%@1479,25%@1479] EMC_FREQ 29%@1600 GR3D_FREQ 99%@921 APE 25 PLL@32C CPU@35.5C PMIC@100C GPU@34C AO@42.5C thermal@34.75C POM_5V_IN 5315/4869 POM_5V_GPU 1825/1568 POM_5V_CPU 892/830
RAM 3321/3956MB (lfb 1x2MB) SWAP 1427/1978MB (cached 4MB) IRAM 0/252kB(lfb 252kB) CPU [19%@1479,17%@1479,31%@1479,12%@1479] EMC_FREQ 29%@1600 GR3D_FREQ 99%@921 APE 25 PLL@31.5C CPU@34.5C PMIC@100C GPU@33.5C AO@42.5C thermal@34.75C POM_5V_IN 5120/4873 POM_5V_GPU 1869/1573 POM_5V_CPU 690/828
RAM 3321/3956MB (lfb 1x2MB) SWAP 1427/1978MB (cached 4MB) IRAM 0/252kB(lfb 252kB) CPU [28%@1479,23%@1479,26%@1479,40%@1479] EMC_FREQ 30%@1600 GR3D_FREQ 99%@921 APE 25 PLL@32C CPU@35C PMIC@100C GPU@34C AO@42.5C thermal@34.25C POM_5V_IN 7091/4908 POM_5V_GPU 2964/1595 POM_5V_CPU 1201/834
RAM 3321/3956MB (lfb 1x2MB) SWAP 1427/1978MB (cached 4MB) IRAM 0/252kB(lfb 252kB) CPU [40%@1479,46%@1479,34%@1479,36%@1479] EMC_FREQ 31%@1600 GR3D_FREQ 96%@921 APE 25 PLL@32C CPU@35C PMIC@100C GPU@34C AO@42.5C thermal@34.5C POM_5V_IN 5550/4918 POM_5V_GPU 2228/1605 POM_5V_CPU 607/830
RAM 3321/3956MB (lfb 1x2MB) SWAP 1427/1978MB (cached 4MB) IRAM 0/252kB(lfb 252kB) CPU [18%@1479,28%@1479,18%@1479,15%@1479] EMC_FREQ 30%@1600 GR3D_FREQ 93%@921 APE 25 PLL@32C CPU@35C PMIC@100C GPU@34C AO@42.5C thermal@34.5C POM_5V_IN 5671/4930 POM_5V_GPU 2386/1617 POM_5V_CPU 606/827
RAM 3322/3956MB (lfb 1x2MB) SWAP 1427/1978MB (cached 4MB) IRAM 0/252kB(lfb 252kB) CPU [12%@1479,27%@1479,13%@1479,18%@1479] EMC_FREQ 30%@1600 GR3D_FREQ 99%@921 APE 25 PLL@32C CPU@35.5C PMIC@100C GPU@34C AO@43C thermal@34.25C POM_5V_IN 6168/4949 POM_5V_GPU 2378/1629 POM_5V_CPU 1088/831
RAM 3322/3956MB (lfb 1x2MB) SWAP 1427/1978MB (cached 4MB) IRAM 0/252kB(lfb 252kB) CPU [13%@1479,13%@1479,19%@1479,19%@1479] EMC_FREQ 30%@1600 GR3D_FREQ 99%@921 APE 25 PLL@32C CPU@35.5C PMIC@100C GPU@34C AO@43C thermal@34.75C POM_5V_IN 5743/4961 POM_5V_GPU 2265/1638 POM_5V_CPU 808/830
RAM 3322/3956MB (lfb 1x2MB) SWAP 1427/1978MB (cached 4MB) IRAM 0/252kB(lfb 252kB) CPU [15%@1479,12%@1479,29%@1479,21%@1479] EMC_FREQ 29%@1600 GR3D_FREQ 97%@921 APE 25 PLL@32C CPU@35C PMIC@100C GPU@34C AO@42.5C thermal@34.5C POM_5V_IN 5784/4973 POM_5V_GPU 2426/1650 POM_5V_CPU 647/828
RAM 3322/3956MB (lfb 1x2MB) SWAP 1427/1978MB (cached 4MB) IRAM 0/252kB(lfb 252kB) CPU [29%@1479,13%@1479,16%@1479,11%@1479] EMC_FREQ 29%@1600 GR3D_FREQ 98%@921 APE 25 PLL@32C CPU@35.5C PMIC@100C GPU@34.5C AO@43C thermal@34.25C POM_5V_IN 5824/4985 POM_5V_GPU 2345/1660 POM_5V_CPU 728/826
RAM 3323/3956MB (lfb 1x2MB) SWAP 1427/1978MB (cached 4MB) IRAM 0/252kB(lfb 252kB) CPU [26%@1479,14%@1479,13%@1479,11%@1479] EMC_FREQ 29%@1600 GR3D_FREQ 97%@921 APE 25 PLL@32C CPU@35.5C PMIC@100C GPU@34C AO@43C thermal@34.25C POM_5V_IN 5437/4991 POM_5V_GPU 2228/1668 POM_5V_CPU 568/822
RAM 3323/3956MB (lfb 1x2MB) SWAP 1427/1978MB (cached 4MB) IRAM 0/252kB(lfb 252kB) CPU [27%@1479,11%@1479,13%@1479,13%@1479] EMC_FREQ 29%@1600 GR3D_FREQ 99%@921 APE 25 PLL@32C CPU@35.5C PMIC@100C GPU@34.5C AO@43C thermal@34.5C POM_5V_IN 5396/4997 POM_5V_GPU 2150/1675 POM_5V_CPU 608/819
RAM 3322/3956MB (lfb 1x2MB) SWAP 1427/1978MB (cached 4MB) IRAM 0/252kB(lfb 252kB) CPU [28%@1479,13%@1479,18%@1479,11%@1479] EMC_FREQ 29%@1600 GR3D_FREQ 99%@921 APE 25 PLL@32C CPU@35.5C PMIC@100C GPU@34.5C AO@43C thermal@34C POM_5V_IN 5469/5004 POM_5V_GPU 2066/1680 POM_5V_CPU 769/819
RAM 3322/3956MB (lfb 2x2MB) SWAP 1427/1978MB (cached 4MB) IRAM 0/252kB(lfb 252kB) CPU [24%@1479,11%@1479,15%@1479,10%@1479] EMC_FREQ 29%@1600 GR3D_FREQ 99%@921 APE 25 PLL@32C CPU@35C PMIC@100C GPU@34C AO@43C thermal@34.5C POM_5V_IN 5784/5014 POM_5V_GPU 1981/1684 POM_5V_CPU 1172/824
RAM 3321/3956MB (lfb 2x2MB) SWAP 1427/1978MB (cached 4MB) IRAM 0/252kB(lfb 252kB) CPU [17%@1479,14%@1479,19%@1479,16%@1479] EMC_FREQ 29%@1600 GR3D_FREQ 99%@921 APE 25 PLL@32.5C CPU@35.5C PMIC@100C GPU@34.5C AO@42.5C thermal@34.5C POM_5V_IN 5477/5021 POM_5V_GPU 2147/1690 POM_5V_CPU 648/821
RAM 3321/3956MB (lfb 2x2MB) SWAP 1427/1978MB (cached 4MB) IRAM 0/252kB(lfb 252kB) CPU [21%@1479,18%@1479,16%@1479,29%@1479] EMC_FREQ 29%@1600 GR3D_FREQ 97%@921 APE 25 PLL@32C CPU@35.5C PMIC@100C GPU@34.5C AO@43C thermal@35C POM_5V_IN 5631/5029 POM_5V_GPU 2268/1698 POM_5V_CPU 648/819
RAM 3321/3956MB (lfb 2x2MB) SWAP 1427/1978MB (cached 4MB) IRAM 0/252kB(lfb 252kB) CPU [31%@1479,18%@1479,22%@1479,17%@1479] EMC_FREQ 29%@1600 GR3D_FREQ 96%@921 APE 25 PLL@32C CPU@35.5C PMIC@100C GPU@34.5C AO@43C thermal@34.5C POM_5V_IN 5550/5036 POM_5V_GPU 2309/1706 POM_5V_CPU 607/816
RAM 3322/3956MB (lfb 2x2MB) SWAP 1427/1978MB (cached 4MB) IRAM 0/252kB(lfb 252kB) CPU [30%@1479,14%@1479,19%@1479,19%@1479] EMC_FREQ 29%@1600 GR3D_FREQ 99%@921 APE 25 PLL@32.5C CPU@35.5C PMIC@100C GPU@35C AO@43C thermal@35C POM_5V_IN 5671/5044 POM_5V_GPU 2345/1714 POM_5V_CPU 606/813
RAM 3325/3956MB (lfb 2x2MB) SWAP 1427/1978MB (cached 4MB) IRAM 0/252kB(lfb 252kB) CPU [33%@1479,17%@1479,21%@1479,18%@1479] EMC_FREQ 29%@1600 GR3D_FREQ 97%@921 APE 25 PLL@32C CPU@36C PMIC@100C GPU@34.5C AO@43C thermal@35C POM_5V_IN 6017/5056 POM_5V_GPU 2624/1726 POM_5V_CPU 646/811
RAM 3325/3956MB (lfb 2x2MB) SWAP 1427/1978MB (cached 4MB) IRAM 0/252kB(lfb 252kB) CPU [30%@1479,13%@1479,13%@1479,13%@1479] EMC_FREQ 29%@1600 GR3D_FREQ 96%@921 APE 25 PLL@32C CPU@36C PMIC@100C GPU@34.5C AO@43C thermal@35C POM_5V_IN 6320/5072 POM_5V_GPU 2697/1738 POM_5V_CPU 805/811
RAM 3326/3956MB (lfb 1x2MB) SWAP 1427/1978MB (cached 4MB) IRAM 0/252kB(lfb 252kB) CPU [19%@1479,13%@1479,16%@1479,25%@1479] EMC_FREQ 29%@1600 GR3D_FREQ 99%@921 APE 25 PLL@32.5C CPU@36C PMIC@100C GPU@35C AO@43C thermal@35C POM_5V_IN 6551/5091 POM_5V_GPU 2692/1750 POM_5V_CPU 1085/815
RAM 3325/3956MB (lfb 1x2MB) SWAP 1427/1978MB (cached 4MB) IRAM 0/252kB(lfb 252kB) CPU [16%@1479,12%@1479,18%@1479,22%@1479] EMC_FREQ 29%@1600 GR3D_FREQ 99%@921 APE 25 PLL@32.5C CPU@35.5C PMIC@100C GPU@34C AO@43C thermal@35.25C POM_5V_IN 5936/5101 POM_5V_GPU 2624/1761 POM_5V_CPU 565/811
RAM 3322/3956MB (lfb 1x2MB) SWAP 1427/1978MB (cached 4MB) IRAM 0/252kB(lfb 252kB) CPU [21%@1479,20%@1479,21%@1479,30%@1479] EMC_FREQ 29%@1600 GR3D_FREQ 99%@921 APE 25 PLL@32C CPU@36C PMIC@100C GPU@34.5C AO@43C thermal@35.25C POM_5V_IN 6671/5120 POM_5V_GPU 3009/1776 POM_5V_CPU 762/811
RAM 3322/3956MB (lfb 2x2MB) SWAP 1427/1978MB (cached 4MB) IRAM 0/252kB(lfb 252kB) CPU [19%@1479,16%@1479,23%@1479,26%@1479] EMC_FREQ 29%@1600 GR3D_FREQ 99%@921 APE 25 PLL@32C CPU@36.5C PMIC@100C GPU@34.5C AO@43.5C thermal@35.25C POM_5V_IN 6712/5139 POM_5V_GPU 2969/1791 POM_5V_CPU 882/812
RAM 3322/3956MB (lfb 2x2MB) SWAP 1427/1978MB (cached 4MB) IRAM 0/252kB(lfb 252kB) CPU [14%@1479,14%@1479,21%@1479,29%@1479] EMC_FREQ 29%@1600 GR3D_FREQ 99%@921 APE 25 PLL@32.5C CPU@35.5C PMIC@100C GPU@34.5C AO@43.5C thermal@35C POM_5V_IN 6320/5154 POM_5V_GPU 3019/1805 POM_5V_CPU 563/809
RAM 3322/3956MB (lfb 2x2MB) SWAP 1427/1978MB (cached 4MB) IRAM 0/252kB(lfb 252kB) CPU [14%@1479,9%@1479,15%@1479,27%@1479] EMC_FREQ 29%@1600 GR3D_FREQ 99%@921 APE 25 PLL@32.5C CPU@36C PMIC@100C GPU@35C AO@43C thermal@35C POM_5V_IN 6631/5171 POM_5V_GPU 2969/1819 POM_5V_CPU 722/808
RAM 3322/3956MB (lfb 2x2MB) SWAP 1427/1978MB (cached 4MB) IRAM 0/252kB(lfb 252kB) CPU [14%@1479,12%@1479,18%@1479,27%@1479] EMC_FREQ 29%@1600 GR3D_FREQ 99%@921 APE 25 PLL@32.5C CPU@36.5C PMIC@100C GPU@34.5C AO@43C thermal@35C POM_5V_IN 6360/5185 POM_5V_GPU 2777/1830 POM_5V_CPU 805/808
RAM 3323/3956MB (lfb 2x2MB) SWAP 1427/1978MB (cached 4MB) IRAM 0/252kB(lfb 252kB) CPU [15%@1479,15%@1479,15%@1479,17%@1479] EMC_FREQ 29%@1600 GR3D_FREQ 99%@921 APE 25 PLL@32.5C CPU@36C PMIC@100C GPU@35C AO@43.5C thermal@35.5C POM_5V_IN 6440/5199 POM_5V_GPU 2612/1839 POM_5V_CPU 1086/811
RAM 3323/3956MB (lfb 2x2MB) SWAP 1427/1978MB (cached 4MB) IRAM 0/252kB(lfb 252kB) CPU [16%@1479,16%@1479,11%@1479,17%@1479] EMC_FREQ 29%@1600 GR3D_FREQ 99%@921 APE 25 PLL@32.5C CPU@36.5C PMIC@100C GPU@35C AO@43.5C thermal@35.5C POM_5V_IN 5945/5208 POM_5V_GPU 2463/1846 POM_5V_CPU 726/810
RAM 3323/3956MB (lfb 2x2MB) SWAP 1427/1978MB (cached 4MB) IRAM 0/252kB(lfb 252kB) CPU [17%@1479,12%@1479,13%@1479,26%@1479] EMC_FREQ 29%@1600 GR3D_FREQ 99%@921 APE 25 PLL@32.5C CPU@36C PMIC@100C GPU@35C AO@43.5C thermal@35.5C POM_5V_IN 5590/5212 POM_5V_GPU 2268/1851 POM_5V_CPU 648/808
RAM 3322/3956MB (lfb 2x2MB) SWAP 1427/1978MB (cached 4MB) IRAM 0/252kB(lfb 252kB) CPU [45%@1479,30%@1479,30%@1479,39%@1479] EMC_FREQ 29%@1600 GR3D_FREQ 99%@921 APE 25 PLL@32.5C CPU@35.5C PMIC@100C GPU@35C AO@43.5C thermal@35.25C POM_5V_IN 6249/5223 POM_5V_GPU 2822/1862 POM_5V_CPU 604/806
RAM 3323/3956MB (lfb 2x2MB) SWAP 1426/1978MB (cached 4MB) IRAM 0/252kB(lfb 252kB) CPU [47%@1479,34%@1479,36%@1479,48%@1479] EMC_FREQ 29%@1600 GR3D_FREQ 92%@921 APE 25 PLL@32.5C CPU@35.5C PMIC@100C GPU@34.5C AO@43.5C thermal@35.75C POM_5V_IN 5234/5224 POM_5V_GPU 1866/1862 POM_5V_CPU 649/804
RAM 3323/3956MB (lfb 1x2MB) SWAP 1426/1978MB (cached 4MB) IRAM 0/252kB(lfb 252kB) CPU [35%@1479,35%@1479,29%@1479,37%@1479] EMC_FREQ 29%@1600 GR3D_FREQ 99%@921 APE 25 PLL@33C CPU@36.5C PMIC@100C GPU@35C AO@43.5C thermal@35.5C POM_5V_IN 4998/5221 POM_5V_GPU 1828/1861 POM_5V_CPU 650/802
RAM 3324/3956MB (lfb 2x2MB) SWAP 1426/1978MB (cached 4MB) IRAM 0/252kB(lfb 252kB) CPU [19%@1479,28%@1479,10%@1479,11%@1479] EMC_FREQ 29%@1600 GR3D_FREQ 99%@921 APE 25 PLL@33C CPU@36.5C PMIC@100C GPU@35C AO@43.5C thermal@35C POM_5V_IN 5622/5225 POM_5V_GPU 1820/1861 POM_5V_CPU 1213/807
